#
# A fatal error has been detected by the Java Runtime Environment:
#
#  EXCEPTION_ACCESS_VIOLATION (0xc0000005) at pc=0x000001e09b151066, pid=11184, tid=14164
#
# JRE version: OpenJDK Runtime Environment AdoptOpenJDK (11.0.10+9) (build 11.0.10+9)
# Java VM: OpenJDK 64-Bit Server VM AdoptOpenJDK (11.0.10+9, mixed mode, tiered, compressed oops, g1 gc, windows-amd64)
# Problematic frame:
# C  [OpenAL64.dll+0x11066]
#
# No core dump will be written. Minidumps are not enabled by default on client versions of Windows
#
# If you would like to submit a bug report, please visit:
#   https://github.com/AdoptOpenJDK/openjdk-support/issues
# The crash happened outside the Java Virtual Machine in native code.
# See problematic frame for where to report the bug.
#

---------------  S U M M A R Y ------------

Command Line: -Duser.language=en_US -Dfile.encoding=UTF-8 org.uqbar.project.wollok.launch.WollokLauncher -requestsPort 0 -eventsPort 0 -folder -dontValidate -coercingStrategy decimals -wf src/programa_juego_aventura.wpgm -darkMode

Host: Intel(R) Core(TM) i7-7700HQ CPU @ 2.80GHz, 8 cores, 15G,  Windows 10 , 64 bit Build 19041 (10.0.19041.1023)
Time: Tue Jul  6 00:06:29 2021 Argentina Standard Time elapsed time: 3.361979 seconds (0d 0h 0m 3s)

---------------  T H R E A D  ---------------

Current thread (0x000001e0f0b6b800):  JavaThread "main" [_thread_in_native, id=14164, stack(0x00000047c5600000,0x00000047c5700000)]

Stack: [0x00000047c5600000,0x00000047c5700000],  sp=0x00000047c56fbff0,  free space=1007k
Native frames: (J=compiled Java code, j=interpreted, Vv=VM code, C=native code)
C  [OpenAL64.dll+0x11066]

Java frames: (J=compiled Java code, j=interpreted, Vv=VM code)
j  org.lwjgl.openal.ALC10.nalcCreateContext(JJ)J+0
j  org.lwjgl.openal.ALC10.alcCreateContext(Lorg/lwjgl/openal/ALCdevice;Ljava/nio/IntBuffer;)Lorg/lwjgl/openal/ALCcontext;+8
j  org.lwjgl.openal.AL.init(Ljava/lang/String;IIZZ)V+69
j  org.lwjgl.openal.AL.create(Ljava/lang/String;IIZZ)V+246
j  org.lwjgl.openal.AL.create(Ljava/lang/String;IIZ)V+5
j  org.lwjgl.openal.AL.create()V+6
j  com.badlogic.gdx.backends.lwjgl.audio.OpenALAudio.<init>(III)V+114
j  com.badlogic.gdx.backends.lwjgl.LwjglApplication.<init>(Lcom/badlogic/gdx/ApplicationListener;Lcom/badlogic/gdx/backends/lwjgl/LwjglApplicationConfiguration;Lcom/badlogic/gdx/backends/lwjgl/LwjglGraphics;)V+120
j  com.badlogic.gdx.backends.lwjgl.LwjglApplication.<init>(Lcom/badlogic/gdx/ApplicationListener;Lcom/badlogic/gdx/backends/lwjgl/LwjglApplicationConfiguration;)V+11
j  org.uqbar.project.wollok.game.gameboard.WollokGDXApplication.<init>(Lorg/uqbar/project/wollok/game/gameboard/Gameboard;Ljava/lang/Boolean;)V+17
j  org.uqbar.project.wollok.game.helpers.Application.start(Lorg/uqbar/project/wollok/game/gameboard/Gameboard;Ljava/lang/Boolean;)V+5
j  org.uqbar.project.wollok.game.gameboard.Gameboard.start(Ljava/lang/Boolean;)V+13
j  wollok.game.GameObject.doStart(Ljava/lang/Boolean;)V+12
v  ~StubRoutines::call_stub
J 3662  jdk.internal.reflect.NativeMethodAccessorImpl.invoke0(Ljava/lang/reflect/Method;Ljava/lang/Object;[Ljava/lang/Object;)Ljava/lang/Object; java.base@11.0.10 (0 bytes) @ 0x000001e087c78ecf [0x000001e087c78e40+0x000000000000008f]
J 3661 c1 jdk.internal.reflect.NativeMethodAccessorImpl.invoke(Ljava/lang/Object;[Ljava/lang/Object;)Ljava/lang/Object; java.base@11.0.10 (104 bytes) @ 0x000001e080cfbaa4 [0x000001e080cfb6c0+0x00000000000003e4]
J 2822 c1 jdk.internal.reflect.DelegatingMethodAccessorImpl.invoke(Ljava/lang/Object;[Ljava/lang/Object;)Ljava/lang/Object; java.base@11.0.10 (10 bytes) @ 0x000001e080bbc0cc [0x000001e080bbbfc0+0x000000000000010c]
J 2821 c1 java.lang.reflect.Method.invoke(Ljava/lang/Object;[Ljava/lang/Object;)Ljava/lang/Object; java.base@11.0.10 (65 bytes) @ 0x000001e080bbbb64 [0x000001e080bbb820+0x0000000000000344]
j  org.uqbar.project.wollok.ui.utils.XTendUtilExtensions.invokeConvertingArgs(Ljava/lang/reflect/Method;Ljava/lang/Object;[Ljava/lang/Object;)Lorg/uqbar/project/wollok/interpreter/core/WollokObject;+261
j  org.uqbar.project.wollok.interpreter.AbstractWollokCallable._invokeNative(Ljava/lang/Object;Ljava/lang/String;[Lorg/uqbar/project/wollok/interpreter/core/WollokObject;)Lorg/uqbar/project/wollok/interpreter/core/WollokObject;+41
j  org.uqbar.project.wollok.interpreter.AbstractWollokCallable.invokeNative(Ljava/lang/Object;Ljava/lang/String;[Lorg/uqbar/project/wollok/interpreter/core/WollokObject;)Lorg/uqbar/project/wollok/interpreter/core/WollokObject;+26
j  org.uqbar.project.wollok.interpreter.AbstractWollokCallable$1.apply()Lorg/uqbar/project/wollok/interpreter/core/WollokObject;+55
j  org.uqbar.project.wollok.interpreter.AbstractWollokCallable$1.apply()Ljava/lang/Object;+1
j  org.uqbar.project.wollok.interpreter.threads.WThread.performOnStack(Lorg/eclipse/emf/ecore/EObject;Lorg/uqbar/project/wollok/interpreter/context/EvaluationContext;Lorg/eclipse/xtext/xbase/lib/Functions$Function0;)Lorg/uqbar/project/wollok/interpreter/core/WollokObject;+29
j  org.uqbar.project.wollok.interpreter.WollokInterpreter.performOnStack(Lorg/eclipse/emf/ecore/EObject;Lorg/uqbar/project/wollok/interpreter/context/EvaluationContext;Lorg/eclipse/xtext/xbase/lib/Functions$Function0;)Lorg/uqbar/project/wollok/interpreter/core/WollokObject;+7
j  org.uqbar.project.wollok.interpreter.AbstractWollokCallable.call(Lorg/uqbar/project/wollok/wollokDsl/WMethodDeclaration;[Lorg/uqbar/project/wollok/interpreter/core/WollokObject;)Lorg/uqbar/project/wollok/interpreter/core/WollokObject;+38
j  org.uqbar.project.wollok.interpreter.core.WollokObject.call(Ljava/lang/String;[Lorg/uqbar/project/wollok/interpreter/core/WollokObject;)Lorg/uqbar/project/wollok/interpreter/core/WollokObject;+55
j  org.uqbar.project.wollok.interpreter.WollokInterpreterEvaluator._evaluate(Lorg/uqbar/project/wollok/wollokDsl/WFeatureCall;)Lorg/uqbar/project/wollok/interpreter/core/WollokObject;+119
J 3712 c1 org.uqbar.project.wollok.launch.WollokLauncherInterpreterEvaluator.evaluate(Lorg/eclipse/emf/ecore/EObject;)Lorg/uqbar/project/wollok/interpreter/core/WollokObject; (502 bytes) @ 0x000001e080d1bf44 [0x000001e080d17120+0x0000000000004e24]
J 3655 c1 org.uqbar.project.wollok.interpreter.WollokInterpreterEvaluator.evaluate(Lorg/eclipse/emf/ecore/EObject;)Ljava/lang/Object; (6 bytes) @ 0x000001e080cfa1a4 [0x000001e080cfa140+0x0000000000000064]
j  org.uqbar.project.wollok.interpreter.WollokInterpreter.eval(Lorg/eclipse/emf/ecore/EObject;)Lorg/uqbar/project/wollok/interpreter/core/WollokObject;+63
J 3688 c1 org.uqbar.project.wollok.interpreter.WollokInterpreterEvaluator.eval(Lorg/eclipse/emf/ecore/EObject;)Lorg/uqbar/project/wollok/interpreter/core/WollokObject; (9 bytes) @ 0x000001e080d056a4 [0x000001e080d05640+0x0000000000000064]
j  org.uqbar.project.wollok.interpreter.WollokInterpreterEvaluator$1.apply(Lorg/uqbar/project/wollok/interpreter/core/WollokObject;Lorg/eclipse/emf/ecore/EObject;)Lorg/uqbar/project/wollok/interpreter/core/WollokObject;+5
j  org.uqbar.project.wollok.interpreter.WollokInterpreterEvaluator$1.apply(Ljava/lang/Object;Ljava/lang/Object;)Ljava/lang/Object;+9
j  org.eclipse.xtext.xbase.lib.IteratorExtensions.fold(Ljava/util/Iterator;Ljava/lang/Object;Lorg/eclipse/xtext/xbase/lib/Functions$Function2;)Ljava/lang/Object;+19
j  org.eclipse.xtext.xbase.lib.IterableExtensions.fold(Ljava/lang/Iterable;Ljava/lang/Object;Lorg/eclipse/xtext/xbase/lib/Functions$Function2;)Ljava/lang/Object;+8
j  org.uqbar.project.wollok.interpreter.WollokInterpreterEvaluator.evalAll(Ljava/lang/Iterable;)Lorg/uqbar/project/wollok/interpreter/core/WollokObject;+12
j  org.uqbar.project.wollok.interpreter.WollokInterpreterEvaluator._evaluate(Lorg/uqbar/project/wollok/wollokDsl/WBlockExpression;)Lorg/uqbar/project/wollok/interpreter/core/WollokObject;+34
J 3712 c1 org.uqbar.project.wollok.launch.WollokLauncherInterpreterEvaluator.evaluate(Lorg/eclipse/emf/ecore/EObject;)Lorg/uqbar/project/wollok/interpreter/core/WollokObject; (502 bytes) @ 0x000001e080d1fbbc [0x000001e080d17120+0x0000000000008a9c]
J 3655 c1 org.uqbar.project.wollok.interpreter.WollokInterpreterEvaluator.evaluate(Lorg/eclipse/emf/ecore/EObject;)Ljava/lang/Object; (6 bytes) @ 0x000001e080cfa1a4 [0x000001e080cfa140+0x0000000000000064]
j  org.uqbar.project.wollok.interpreter.WollokInterpreter.eval(Lorg/eclipse/emf/ecore/EObject;)Lorg/uqbar/project/wollok/interpreter/core/WollokObject;+63
j  org.uqbar.project.wollok.interpreter.AbstractWollokCallable.eval(Lorg/eclipse/emf/ecore/EObject;)Lorg/uqbar/project/wollok/interpreter/core/WollokObject;+5
j  org.uqbar.project.wollok.interpreter.AbstractWollokCallable$1.apply()Lorg/uqbar/project/wollok/interpreter/core/WollokObject;+110
j  org.uqbar.project.wollok.interpreter.AbstractWollokCallable$1.apply()Ljava/lang/Object;+1
j  org.uqbar.project.wollok.interpreter.threads.WThread.performOnStack(Lorg/eclipse/emf/ecore/EObject;Lorg/uqbar/project/wollok/interpreter/context/EvaluationContext;Lorg/eclipse/xtext/xbase/lib/Functions$Function0;)Lorg/uqbar/project/wollok/interpreter/core/WollokObject;+29
j  org.uqbar.project.wollok.interpreter.WollokInterpreter.performOnStack(Lorg/eclipse/emf/ecore/EObject;Lorg/uqbar/project/wollok/interpreter/context/EvaluationContext;Lorg/eclipse/xtext/xbase/lib/Functions$Function0;)Lorg/uqbar/project/wollok/interpreter/core/WollokObject;+7
j  org.uqbar.project.wollok.interpreter.AbstractWollokCallable.call(Lorg/uqbar/project/wollok/wollokDsl/WMethodDeclaration;[Lorg/uqbar/project/wollok/interpreter/core/WollokObject;)Lorg/uqbar/project/wollok/interpreter/core/WollokObject;+38
j  org.uqbar.project.wollok.interpreter.core.WollokObject.call(Ljava/lang/String;[Lorg/uqbar/project/wollok/interpreter/core/WollokObject;)Lorg/uqbar/project/wollok/interpreter/core/WollokObject;+55
j  org.uqbar.project.wollok.interpreter.WollokInterpreterEvaluator._evaluate(Lorg/uqbar/project/wollok/wollokDsl/WFeatureCall;)Lorg/uqbar/project/wollok/interpreter/core/WollokObject;+119
J 3712 c1 org.uqbar.project.wollok.launch.WollokLauncherInterpreterEvaluator.evaluate(Lorg/eclipse/emf/ecore/EObject;)Lorg/uqbar/project/wollok/interpreter/core/WollokObject; (502 bytes) @ 0x000001e080d1bf44 [0x000001e080d17120+0x0000000000004e24]
J 3655 c1 org.uqbar.project.wollok.interpreter.WollokInterpreterEvaluator.evaluate(Lorg/eclipse/emf/ecore/EObject;)Ljava/lang/Object; (6 bytes) @ 0x000001e080cfa1a4 [0x000001e080cfa140+0x0000000000000064]
j  org.uqbar.project.wollok.interpreter.WollokInterpreter.eval(Lorg/eclipse/emf/ecore/EObject;)Lorg/uqbar/project/wollok/interpreter/core/WollokObject;+63
J 3688 c1 org.uqbar.project.wollok.interpreter.WollokInterpreterEvaluator.eval(Lorg/eclipse/emf/ecore/EObject;)Lorg/uqbar/project/wollok/interpreter/core/WollokObject; (9 bytes) @ 0x000001e080d056a4 [0x000001e080d05640+0x0000000000000064]
j  org.uqbar.project.wollok.interpreter.WollokInterpreterEvaluator$1.apply(Lorg/uqbar/project/wollok/interpreter/core/WollokObject;Lorg/eclipse/emf/ecore/EObject;)Lorg/uqbar/project/wollok/interpreter/core/WollokObject;+5
j  org.uqbar.project.wollok.interpreter.WollokInterpreterEvaluator$1.apply(Ljava/lang/Object;Ljava/lang/Object;)Ljava/lang/Object;+9
j  org.eclipse.xtext.xbase.lib.IteratorExtensions.fold(Ljava/util/Iterator;Ljava/lang/Object;Lorg/eclipse/xtext/xbase/lib/Functions$Function2;)Ljava/lang/Object;+19
j  org.eclipse.xtext.xbase.lib.IterableExtensions.fold(Ljava/lang/Iterable;Ljava/lang/Object;Lorg/eclipse/xtext/xbase/lib/Functions$Function2;)Ljava/lang/Object;+8
j  org.uqbar.project.wollok.interpreter.WollokInterpreterEvaluator.evalAll(Ljava/lang/Iterable;)Lorg/uqbar/project/wollok/interpreter/core/WollokObject;+12
j  org.uqbar.project.wollok.interpreter.WollokInterpreterEvaluator._evaluate(Lorg/uqbar/project/wollok/wollokDsl/WProgram;)Lorg/uqbar/project/wollok/interpreter/core/WollokObject;+18
j  org.uqbar.project.wollok.launch.WollokLauncherInterpreterEvaluator.evaluate(Lorg/eclipse/emf/ecore/EObject;)Lorg/uqbar/project/wollok/interpreter/core/WollokObject;+444
j  org.uqbar.project.wollok.interpreter.WollokInterpreterEvaluator.evaluate(Lorg/eclipse/emf/ecore/EObject;)Ljava/lang/Object;+2
j  org.uqbar.project.wollok.interpreter.WollokInterpreter.eval(Lorg/eclipse/emf/ecore/EObject;)Lorg/uqbar/project/wollok/interpreter/core/WollokObject;+63
j  org.uqbar.project.wollok.interpreter.WollokInterpreterEvaluator.eval(Lorg/eclipse/emf/ecore/EObject;)Lorg/uqbar/project/wollok/interpreter/core/WollokObject;+5
j  org.uqbar.project.wollok.launch.WollokLauncherInterpreterEvaluator._evaluate(Lorg/uqbar/project/wollok/wollokDsl/WFile;)Lorg/uqbar/project/wollok/interpreter/core/WollokObject;+32
j  org.uqbar.project.wollok.launch.WollokLauncherInterpreterEvaluator.evaluate(Lorg/eclipse/emf/ecore/EObject;)Lorg/uqbar/project/wollok/interpreter/core/WollokObject;+428
j  org.uqbar.project.wollok.interpreter.WollokInterpreterEvaluator.evaluate(Lorg/eclipse/emf/ecore/EObject;)Ljava/lang/Object;+2
j  org.uqbar.project.wollok.interpreter.WollokInterpreter.interpret(Lorg/eclipse/emf/ecore/EObject;Ljava/lang/Boolean;)Lorg/uqbar/project/wollok/interpreter/core/WollokObject;+25
j  org.uqbar.project.wollok.interpreter.WollokInterpreter.interpret(Lorg/eclipse/emf/ecore/EObject;)Lorg/uqbar/project/wollok/interpreter/core/WollokObject;+8
j  org.uqbar.project.wollok.launch.WollokLauncher.doSomething(Lorg/uqbar/project/wollok/wollokDsl/WFile;Lcom/google/inject/Injector;Ljava/io/File;Lorg/uqbar/project/wollok/launch/WollokLauncherParameters;)V+109
j  org.uqbar.project.wollok.launch.WollokChecker.launch(Ljava/lang/String;Lorg/uqbar/project/wollok/launch/WollokLauncherParameters;)V+31
j  org.uqbar.project.wollok.launch.WollokChecker.doMain([Ljava/lang/String;)V+205
j  org.uqbar.project.wollok.launch.WollokLauncher.main([Ljava/lang/String;)V+8
v  ~StubRoutines::call_stub

siginfo: EXCEPTION_ACCESS_VIOLATION (0xc0000005), reading address 0x000001e098858004


Register to memory mapping:

RIP=0x000001e09b151066 OpenAL64.dll
RAX=0x000000009be1775d is an unknown value
RBX=0x000001e09b1f0090 points into unknown readable memory: 0x0000000100000002 | 02 00 00 00 01 00 00 00
RCX=0x000001e098858008 is an unknown value
RDX=0x000001e098858004 is an unknown value
RSP=0x00000047c56fbff0 is pointing into the stack for thread: 0x000001e0f0b6b800
RBP=0x00000000000000ff is an unknown value
RSI=0x000001e09884be4c points into unknown readable memory: ff ff ff ff
RDI=0x0 is NULL
R8 =0x000000000000306e is an unknown value
R9 =0x000001e09884be4c points into unknown readable memory: ff ff ff ff
R10=0x000001e08000f348 is at code_begin+1000 in an Interpreter codelet
method entry point (kind = native)  [0x000001e08000ef60, 0x000001e08000fa00]  2720 bytes
R11=0x000000070ce72450 is an oop: java.lang.Class 
{0x000000070ce72450} - klass: 'java/lang/Class'
R12=0x0000000000000001 is an unknown value
R13={method} {0x000001e09b753fa8} 'nalcCreateContext' '(JJ)J' in 'org/lwjgl/openal/ALC10'
R14=0x00000047c56fc190 is pointing into the stack for thread: 0x000001e0f0b6b800
R15=0x000001e0f0b6b800 is a thread


Registers:
RAX=0x000000009be1775d, RBX=0x000001e09b1f0090, RCX=0x000001e098858008, RDX=0x000001e098858004
RSP=0x00000047c56fbff0, RBP=0x00000000000000ff, RSI=0x000001e09884be4c, RDI=0x0000000000000000
R8 =0x000000000000306e, R9 =0x000001e09884be4c, R10=0x000001e08000f348, R11=0x000000070ce72450
R12=0x0000000000000001, R13=0x000001e09b753fa0, R14=0x00000047c56fc190, R15=0x000001e0f0b6b800
RIP=0x000001e09b151066, EFLAGS=0x0000000000010202

Top of Stack: (sp=0x00000047c56fbff0)
0x00000047c56fbff0:   000001e0f0b6c390 0000002800000003
0x00000047c56fc000:   000001e0f0b6b800 00000047c56fc190
0x00000047c56fc010:   000001e09b753fa0 00007ffcde63c819
0x00000047c56fc020:   0000000000000000 00000000000001f0
0x00000047c56fc030:   000001e0f0b6b800 000001e0f0b6b800
0x00000047c56fc040:   00000047c56fca50 00007ffcde8287f3
0x00000047c56fc050:   00000047c56fc070 000001e0f0b6b800
0x00000047c56fc060:   000001e0f0b6b800 00000047c56fc190
0x00000047c56fc070:   000001e09b753fa0 0000000000000000
0x00000047c56fc080:   000001e09884be4c 00000000000001f0
0x00000047c56fc090:   00000047c56fc158 000001e09b15248f
0x00000047c56fc0a0:   000001e09b1f0090 000001e09b1f0090
0x00000047c56fc0b0:   000001e00000ac44 000001e09be1775d
0x00000047c56fc0c0:   0000000000000000 000001e08000f377
0x00000047c56fc0d0:   000001e09b753fa0 000001e08000f05c
0x00000047c56fc0e0:   000001e0f0b6b800 000001e09b753fa0 

Instructions: (pc=0x000001e09b151066)
0x000001e09b150f66:   b0 00 00 00 0f ba a3 fc 00 00 00 1f 44 89 9c 24
0x000001e09b150f76:   b0 00 00 00 73 15 48 8b 83 f8 61 01 00 48 8b cb
0x000001e09b150f86:   ff 50 20 44 8b 9c 24 b0 00 00 00 0f ba b3 fc 00
0x000001e09b150f96:   00 00 1f 44 89 7b 38 44 89 6b 44 44 89 73 48 e9
0x000001e09b150fa6:   56 01 00 00 83 3d 4f 94 04 00 02 0f 8c 8e fe ff
0x000001e09b150fb6:   ff 4c 8d 05 a2 2c 03 00 e9 6f fe ff ff 48 3b d7
0x000001e09b150fc6:   0f 84 3f 01 00 00 39 3a 0f 84 37 01 00 00 0f ba
0x000001e09b150fd6:   a1 fc 00 00 00 1f 73 0a 48 8b 81 f8 61 01 00 ff
0x000001e09b150fe6:   50 20 8b 43 38 0f ba b3 fc 00 00 00 1f 8b 6b 64
0x000001e09b150ff6:   44 8b 63 68 89 84 24 c0 00 00 00 8b 43 6c 89 84
0x000001e09b151006:   24 c8 00 00 00 4c 8b c7 39 3e 74 58 48 8b d6 48
0x000001e09b151016:   8d 4e 04 81 3a 07 10 00 00 75 10 8b 01 83 8b fc
0x000001e09b151026:   00 00 00 02 89 84 24 c0 00 00 00 81 3a 11 10 00
0x000001e09b151036:   00 75 10 8b 6b 5c 44 8b 21 44 3b e5 44 0f 47 e5
0x000001e09b151046:   41 2b ec 81 3a 03 00 02 00 75 09 8b 01 89 84 24
0x000001e09b151056:   c8 00 00 00 49 83 c0 02 48 83 c1 08 4a 8d 14 86
0x000001e09b151066:   39 3a 75 af 4c 8d 84 24 c0 00 00 00 48 8d 15 d7
0x000001e09b151076:   2b 03 00 33 c9 e8 58 5f 00 00 b8 40 1f 00 00 4c
0x000001e09b151086:   8d 84 24 c8 00 00 00 39 84 24 c0 00 00 00 48 8d
0x000001e09b151096:   15 e9 2b 03 00 0f 47 84 24 c0 00 00 00 33 c9 89
0x000001e09b1510a6:   84 24 c0 00 00 00 e8 27 5f 00 00 8b 43 3c 44 8b
0x000001e09b1510b6:   84 24 c0 00 00 00 8b 4b 38 41 bb 04 00 00 00 44
0x000001e09b1510c6:   39 9c 24 c8 00 00 00 44 0f 42 9c 24 c8 00 00 00
0x000001e09b1510d6:   33 d2 44 89 9c 24 c8 00 00 00 49 0f af c0 48 f7
0x000001e09b1510e6:   f1 89 43 3c f6 05 43 b6 04 00 01 74 09 83 c0 03
0x000001e09b1510f6:   83 e0 fc 89 43 3c 44 89 43 38 44 89 5b 6c 44 89
0x000001e09b151106:   63 68 89 6b 64 44 8b 9b fc 00 00 00 41 0f ba e3
0x000001e09b151116:   1f 0f 82 6a 05 00 00 44 8b 6b 38 8b 6b 44 44 8b
0x000001e09b151126:   63 48 41 bf 03 00 00 00 48 8d 35 5b 2b 03 00 4c
0x000001e09b151136:   8d 35 80 dc 02 00 44 39 3d bd 92 04 00 0f 8c 81
0x000001e09b151146:   00 00 00 4c 8d 15 88 28 03 00 4c 8d 35 f5 2a 03
0x000001e09b151156:   00 41 f6 c3 02 4d 8b ca 41 8b cc 4d 0f 45 ce e8 


Stack slot to memory mapping:
stack at sp + 0 slots: 0x000001e0f0b6c390 points into unknown readable memory: 0x6e616c2e6176616a | 6a 61 76 61 2e 6c 61 6e
stack at sp + 1 slots: 0x0000002800000003 is an unknown value
stack at sp + 2 slots: 0x000001e0f0b6b800 is a thread
stack at sp + 3 slots: 0x00000047c56fc190 is pointing into the stack for thread: 0x000001e0f0b6b800
stack at sp + 4 slots: {method} {0x000001e09b753fa8} 'nalcCreateContext' '(JJ)J' in 'org/lwjgl/openal/ALC10'
stack at sp + 5 slots: 0x00007ffcde63c819 jvm.dll
stack at sp + 6 slots: 0x0 is NULL
stack at sp + 7 slots: 0x00000000000001f0 is an unknown value


---------------  P R O C E S S  ---------------

Threads class SMR info:
_java_thread_list=0x000001e097977a80, length=13, elements={
0x000001e0f0b6b800, 0x000001e0ff8e7800, 0x000001e0ff8f1800, 0x000001e0ff8f6000,
0x000001e0ff8f7000, 0x000001e0ff8f9800, 0x000001e0ffa02000, 0x000001e0ffa08000,
0x000001e0ffa13800, 0x000001e0ffb93000, 0x000001e09591e800, 0x000001e0968dd000,
0x000001e095bd3800
}

Java Threads: ( => current thread )
=>0x000001e0f0b6b800 JavaThread "main" [_thread_in_native, id=14164, stack(0x00000047c5600000,0x00000047c5700000)]
  0x000001e0ff8e7800 JavaThread "Reference Handler" daemon [_thread_blocked, id=7320, stack(0x00000047c5d00000,0x00000047c5e00000)]
  0x000001e0ff8f1800 JavaThread "Finalizer" daemon [_thread_blocked, id=17080, stack(0x00000047c5e00000,0x00000047c5f00000)]
  0x000001e0ff8f6000 JavaThread "Signal Dispatcher" daemon [_thread_blocked, id=15724, stack(0x00000047c5f00000,0x00000047c6000000)]
  0x000001e0ff8f7000 JavaThread "Attach Listener" daemon [_thread_blocked, id=11308, stack(0x00000047c6000000,0x00000047c6100000)]
  0x000001e0ff8f9800 JavaThread "Service Thread" daemon [_thread_blocked, id=8360, stack(0x00000047c6100000,0x00000047c6200000)]
  0x000001e0ffa02000 JavaThread "C2 CompilerThread0" daemon [_thread_blocked, id=10840, stack(0x00000047c6200000,0x00000047c6300000)]
  0x000001e0ffa08000 JavaThread "C1 CompilerThread0" daemon [_thread_blocked, id=3372, stack(0x00000047c6300000,0x00000047c6400000)]
  0x000001e0ffa13800 JavaThread "Sweeper thread" daemon [_thread_blocked, id=2364, stack(0x00000047c6400000,0x00000047c6500000)]
  0x000001e0ffb93000 JavaThread "Common-Cleaner" daemon [_thread_blocked, id=2640, stack(0x00000047c6600000,0x00000047c6700000)]
  0x000001e09591e800 JavaThread "C2 CompilerThread1" daemon [_thread_blocked, id=3816, stack(0x00000047c6700000,0x00000047c6800000)]
  0x000001e0968dd000 JavaThread "EMF Reference Cleaner" daemon [_thread_blocked, id=12964, stack(0x00000047c7000000,0x00000047c7100000)]
  0x000001e095bd3800 JavaThread "com.google.inject.internal.util.$Finalizer" daemon [_thread_blocked, id=17028, stack(0x00000047c7100000,0x00000047c7200000)]

Other Threads:
  0x000001e0ff8e3000 VMThread "VM Thread" [stack: 0x00000047c5c00000,0x00000047c5d00000] [id=8292]
  0x000001e0ffb8a800 WatcherThread [stack: 0x00000047c6500000,0x00000047c6600000] [id=4008]
  0x000001e0f0b85000 GCTaskThread "GC Thread#0" [stack: 0x00000047c5700000,0x00000047c5800000] [id=10944]
  0x000001e095a4c800 GCTaskThread "GC Thread#1" [stack: 0x00000047c6800000,0x00000047c6900000] [id=1052]
  0x000001e095a4f800 GCTaskThread "GC Thread#2" [stack: 0x00000047c6900000,0x00000047c6a00000] [id=5368]
  0x000001e095a4e800 GCTaskThread "GC Thread#3" [stack: 0x00000047c6a00000,0x00000047c6b00000] [id=14480]
  0x000001e095a4b000 GCTaskThread "GC Thread#4" [stack: 0x00000047c6b00000,0x00000047c6c00000] [id=9348]
  0x000001e095a4b800 GCTaskThread "GC Thread#5" [stack: 0x00000047c6c00000,0x00000047c6d00000] [id=12972]
  0x000001e0f0be4000 ConcurrentGCThread "G1 Main Marker" [stack: 0x00000047c5800000,0x00000047c5900000] [id=3000]
  0x000001e0f0be7000 ConcurrentGCThread "G1 Conc#0" [stack: 0x00000047c5900000,0x00000047c5a00000] [id=4028]
  0x000001e095a4d000 ConcurrentGCThread "G1 Conc#1" [stack: 0x00000047c6f00000,0x00000047c7000000] [id=3972]
  0x000001e0ff7cb000 ConcurrentGCThread "G1 Refine#0" [stack: 0x00000047c5a00000,0x00000047c5b00000] [id=17192]
  0x000001e0ffb99000 ConcurrentGCThread "G1 Refine#1" [stack: 0x00000047c6d00000,0x00000047c6e00000] [id=15316]
  0x000001e095d93800 ConcurrentGCThread "G1 Refine#2" [stack: 0x00000047c6e00000,0x00000047c6f00000] [id=440]
  0x000001e0ff7cc000 ConcurrentGCThread "G1 Young RemSet Sampling" [stack: 0x00000047c5b00000,0x00000047c5c00000] [id=10648]

Threads with active compile tasks:

VM state:not at safepoint (normal execution)

VM Mutex/Monitor currently owned by a thread: None

Heap address: 0x0000000700c00000, size: 4084 MB, Compressed Oops mode: Zero based, Oop shift amount: 3
Narrow klass base: 0x0000000800000000, Narrow klass shift: 0
Compressed class space size: 1073741824 Address: 0x0000000800000000

Heap:
 garbage-first heap   total 262144K, used 73936K [0x0000000700c00000, 0x0000000800000000)
  region size 1024K, 62 young (63488K), 6 survivors (6144K)
 Metaspace       used 26660K, capacity 26893K, committed 27008K, reserved 1073152K
  class space    used 3004K, capacity 3085K, committed 3200K, reserved 1048576K
Heap Regions: E=young(eden), S=young(survivor), O=old, HS=humongous(starts), HC=humongous(continues), CS=collection set, F=free, A=archive, TAMS=top-at-mark-start (previous, next)
|   0|0x0000000700c00000, 0x0000000700d00000, 0x0000000700d00000|100%| O|  |TAMS 0x0000000700d00000, 0x0000000700c00000| Untracked 
|   1|0x0000000700d00000, 0x0000000700e00000, 0x0000000700e00000|100%| O|  |TAMS 0x0000000700e00000, 0x0000000700d00000| Untracked 
|   2|0x0000000700e00000, 0x0000000700f00000, 0x0000000700f00000|100%| O|  |TAMS 0x0000000700f00000, 0x0000000700e00000| Untracked 
|   3|0x0000000700f00000, 0x0000000701000000, 0x0000000701000000|100%| O|  |TAMS 0x0000000701000000, 0x0000000700f00000| Untracked 
|   4|0x0000000701000000, 0x0000000701100000, 0x0000000701100000|100%| O|  |TAMS 0x0000000701100000, 0x0000000701000000| Untracked 
|   5|0x0000000701100000, 0x0000000701200000, 0x0000000701200000|100%| O|  |TAMS 0x0000000701200000, 0x0000000701100000| Untracked 
|   6|0x0000000701200000, 0x0000000701300000, 0x0000000701300000|100%| O|  |TAMS 0x0000000701300000, 0x0000000701200000| Untracked 
|   7|0x0000000701300000, 0x0000000701400000, 0x0000000701400000|100%| O|  |TAMS 0x0000000701400000, 0x0000000701300000| Untracked 
|   8|0x0000000701400000, 0x0000000701500000, 0x0000000701500000|100%| O|  |TAMS 0x0000000701500000, 0x0000000701400000| Untracked 
|   9|0x0000000701500000, 0x0000000701534200, 0x0000000701600000| 20%| O|  |TAMS 0x0000000701534200, 0x0000000701500000| Untracked 
|  10|0x0000000701600000, 0x0000000701600000, 0x0000000701700000|  0%| F|  |TAMS 0x0000000701600000, 0x0000000701600000| Untracked 
|  11|0x0000000701700000, 0x0000000701700000, 0x0000000701800000|  0%| F|  |TAMS 0x0000000701700000, 0x0000000701700000| Untracked 
|  12|0x0000000701800000, 0x0000000701900000, 0x0000000701900000|100%| O|  |TAMS 0x0000000701900000, 0x0000000701800000| Untracked 
|  13|0x0000000701900000, 0x0000000701a00000, 0x0000000701a00000|100%| O|  |TAMS 0x0000000701a00000, 0x0000000701900000| Untracked 
|  14|0x0000000701a00000, 0x0000000701b00000, 0x0000000701b00000|100%| O|  |TAMS 0x0000000701b00000, 0x0000000701a00000| Untracked 
|  15|0x0000000701b00000, 0x0000000701b00000, 0x0000000701c00000|  0%| F|  |TAMS 0x0000000701b00000, 0x0000000701b00000| Untracked 
|  16|0x0000000701c00000, 0x0000000701c00000, 0x0000000701d00000|  0%| F|  |TAMS 0x0000000701c00000, 0x0000000701c00000| Untracked 
|  17|0x0000000701d00000, 0x0000000701d00000, 0x0000000701e00000|  0%| F|  |TAMS 0x0000000701d00000, 0x0000000701d00000| Untracked 
|  18|0x0000000701e00000, 0x0000000701e00000, 0x0000000701f00000|  0%| F|  |TAMS 0x0000000701e00000, 0x0000000701e00000| Untracked 
|  19|0x0000000701f00000, 0x0000000701f00000, 0x0000000702000000|  0%| F|  |TAMS 0x0000000701f00000, 0x0000000701f00000| Untracked 
|  20|0x0000000702000000, 0x0000000702000000, 0x0000000702100000|  0%| F|  |TAMS 0x0000000702000000, 0x0000000702000000| Untracked 
|  21|0x0000000702100000, 0x0000000702100000, 0x0000000702200000|  0%| F|  |TAMS 0x0000000702100000, 0x0000000702100000| Untracked 
|  22|0x0000000702200000, 0x0000000702200000, 0x0000000702300000|  0%| F|  |TAMS 0x0000000702200000, 0x0000000702200000| Untracked 
|  23|0x0000000702300000, 0x0000000702300000, 0x0000000702400000|  0%| F|  |TAMS 0x0000000702300000, 0x0000000702300000| Untracked 
|  24|0x0000000702400000, 0x0000000702400000, 0x0000000702500000|  0%| F|  |TAMS 0x0000000702400000, 0x0000000702400000| Untracked 
|  25|0x0000000702500000, 0x0000000702500000, 0x0000000702600000|  0%| F|  |TAMS 0x0000000702500000, 0x0000000702500000| Untracked 
|  26|0x0000000702600000, 0x0000000702600000, 0x0000000702700000|  0%| F|  |TAMS 0x0000000702600000, 0x0000000702600000| Untracked 
|  27|0x0000000702700000, 0x0000000702700000, 0x0000000702800000|  0%| F|  |TAMS 0x0000000702700000, 0x0000000702700000| Untracked 
|  28|0x0000000702800000, 0x0000000702800000, 0x0000000702900000|  0%| F|  |TAMS 0x0000000702800000, 0x0000000702800000| Untracked 
|  29|0x0000000702900000, 0x0000000702900000, 0x0000000702a00000|  0%| F|  |TAMS 0x0000000702900000, 0x0000000702900000| Untracked 
|  30|0x0000000702a00000, 0x0000000702a00000, 0x0000000702b00000|  0%| F|  |TAMS 0x0000000702a00000, 0x0000000702a00000| Untracked 
|  31|0x0000000702b00000, 0x0000000702b00000, 0x0000000702c00000|  0%| F|  |TAMS 0x0000000702b00000, 0x0000000702b00000| Untracked 
|  32|0x0000000702c00000, 0x0000000702c00000, 0x0000000702d00000|  0%| F|  |TAMS 0x0000000702c00000, 0x0000000702c00000| Untracked 
|  33|0x0000000702d00000, 0x0000000702d00000, 0x0000000702e00000|  0%| F|  |TAMS 0x0000000702d00000, 0x0000000702d00000| Untracked 
|  34|0x0000000702e00000, 0x0000000702e00000, 0x0000000702f00000|  0%| F|  |TAMS 0x0000000702e00000, 0x0000000702e00000| Untracked 
|  35|0x0000000702f00000, 0x0000000702f00000, 0x0000000703000000|  0%| F|  |TAMS 0x0000000702f00000, 0x0000000702f00000| Untracked 
|  36|0x0000000703000000, 0x0000000703000000, 0x0000000703100000|  0%| F|  |TAMS 0x0000000703000000, 0x0000000703000000| Untracked 
|  37|0x0000000703100000, 0x0000000703100000, 0x0000000703200000|  0%| F|  |TAMS 0x0000000703100000, 0x0000000703100000| Untracked 
|  38|0x0000000703200000, 0x0000000703200000, 0x0000000703300000|  0%| F|  |TAMS 0x0000000703200000, 0x0000000703200000| Untracked 
|  39|0x0000000703300000, 0x0000000703300000, 0x0000000703400000|  0%| F|  |TAMS 0x0000000703300000, 0x0000000703300000| Untracked 
|  40|0x0000000703400000, 0x0000000703400000, 0x0000000703500000|  0%| F|  |TAMS 0x0000000703400000, 0x0000000703400000| Untracked 
|  41|0x0000000703500000, 0x0000000703500000, 0x0000000703600000|  0%| F|  |TAMS 0x0000000703500000, 0x0000000703500000| Untracked 
|  42|0x0000000703600000, 0x0000000703600000, 0x0000000703700000|  0%| F|  |TAMS 0x0000000703600000, 0x0000000703600000| Untracked 
|  43|0x0000000703700000, 0x0000000703700000, 0x0000000703800000|  0%| F|  |TAMS 0x0000000703700000, 0x0000000703700000| Untracked 
|  44|0x0000000703800000, 0x0000000703800000, 0x0000000703900000|  0%| F|  |TAMS 0x0000000703800000, 0x0000000703800000| Untracked 
|  45|0x0000000703900000, 0x0000000703900000, 0x0000000703a00000|  0%| F|  |TAMS 0x0000000703900000, 0x0000000703900000| Untracked 
|  46|0x0000000703a00000, 0x0000000703a00000, 0x0000000703b00000|  0%| F|  |TAMS 0x0000000703a00000, 0x0000000703a00000| Untracked 
|  47|0x0000000703b00000, 0x0000000703b00000, 0x0000000703c00000|  0%| F|  |TAMS 0x0000000703b00000, 0x0000000703b00000| Untracked 
|  48|0x0000000703c00000, 0x0000000703c00000, 0x0000000703d00000|  0%| F|  |TAMS 0x0000000703c00000, 0x0000000703c00000| Untracked 
|  49|0x0000000703d00000, 0x0000000703d00000, 0x0000000703e00000|  0%| F|  |TAMS 0x0000000703d00000, 0x0000000703d00000| Untracked 
|  50|0x0000000703e00000, 0x0000000703e00000, 0x0000000703f00000|  0%| F|  |TAMS 0x0000000703e00000, 0x0000000703e00000| Untracked 
|  51|0x0000000703f00000, 0x0000000703f00000, 0x0000000704000000|  0%| F|  |TAMS 0x0000000703f00000, 0x0000000703f00000| Untracked 
|  52|0x0000000704000000, 0x0000000704000000, 0x0000000704100000|  0%| F|  |TAMS 0x0000000704000000, 0x0000000704000000| Untracked 
|  53|0x0000000704100000, 0x0000000704100000, 0x0000000704200000|  0%| F|  |TAMS 0x0000000704100000, 0x0000000704100000| Untracked 
|  54|0x0000000704200000, 0x0000000704200000, 0x0000000704300000|  0%| F|  |TAMS 0x0000000704200000, 0x0000000704200000| Untracked 
|  55|0x0000000704300000, 0x0000000704300000, 0x0000000704400000|  0%| F|  |TAMS 0x0000000704300000, 0x0000000704300000| Untracked 
|  56|0x0000000704400000, 0x0000000704400000, 0x0000000704500000|  0%| F|  |TAMS 0x0000000704400000, 0x0000000704400000| Untracked 
|  57|0x0000000704500000, 0x0000000704500000, 0x0000000704600000|  0%| F|  |TAMS 0x0000000704500000, 0x0000000704500000| Untracked 
|  58|0x0000000704600000, 0x0000000704600000, 0x0000000704700000|  0%| F|  |TAMS 0x0000000704600000, 0x0000000704600000| Untracked 
|  59|0x0000000704700000, 0x0000000704700000, 0x0000000704800000|  0%| F|  |TAMS 0x0000000704700000, 0x0000000704700000| Untracked 
|  60|0x0000000704800000, 0x0000000704800000, 0x0000000704900000|  0%| F|  |TAMS 0x0000000704800000, 0x0000000704800000| Untracked 
|  61|0x0000000704900000, 0x0000000704900000, 0x0000000704a00000|  0%| F|  |TAMS 0x0000000704900000, 0x0000000704900000| Untracked 
|  62|0x0000000704a00000, 0x0000000704a00000, 0x0000000704b00000|  0%| F|  |TAMS 0x0000000704a00000, 0x0000000704a00000| Untracked 
|  63|0x0000000704b00000, 0x0000000704b00000, 0x0000000704c00000|  0%| F|  |TAMS 0x0000000704b00000, 0x0000000704b00000| Untracked 
|  64|0x0000000704c00000, 0x0000000704c00000, 0x0000000704d00000|  0%| F|  |TAMS 0x0000000704c00000, 0x0000000704c00000| Untracked 
|  65|0x0000000704d00000, 0x0000000704d00000, 0x0000000704e00000|  0%| F|  |TAMS 0x0000000704d00000, 0x0000000704d00000| Untracked 
|  66|0x0000000704e00000, 0x0000000704e00000, 0x0000000704f00000|  0%| F|  |TAMS 0x0000000704e00000, 0x0000000704e00000| Untracked 
|  67|0x0000000704f00000, 0x0000000704f00000, 0x0000000705000000|  0%| F|  |TAMS 0x0000000704f00000, 0x0000000704f00000| Untracked 
|  68|0x0000000705000000, 0x0000000705000000, 0x0000000705100000|  0%| F|  |TAMS 0x0000000705000000, 0x0000000705000000| Untracked 
|  69|0x0000000705100000, 0x0000000705100000, 0x0000000705200000|  0%| F|  |TAMS 0x0000000705100000, 0x0000000705100000| Untracked 
|  70|0x0000000705200000, 0x0000000705200000, 0x0000000705300000|  0%| F|  |TAMS 0x0000000705200000, 0x0000000705200000| Untracked 
|  71|0x0000000705300000, 0x0000000705300000, 0x0000000705400000|  0%| F|  |TAMS 0x0000000705300000, 0x0000000705300000| Untracked 
|  72|0x0000000705400000, 0x0000000705400000, 0x0000000705500000|  0%| F|  |TAMS 0x0000000705400000, 0x0000000705400000| Untracked 
|  73|0x0000000705500000, 0x0000000705500000, 0x0000000705600000|  0%| F|  |TAMS 0x0000000705500000, 0x0000000705500000| Untracked 
|  74|0x0000000705600000, 0x0000000705600000, 0x0000000705700000|  0%| F|  |TAMS 0x0000000705600000, 0x0000000705600000| Untracked 
|  75|0x0000000705700000, 0x0000000705700000, 0x0000000705800000|  0%| F|  |TAMS 0x0000000705700000, 0x0000000705700000| Untracked 
|  76|0x0000000705800000, 0x0000000705800000, 0x0000000705900000|  0%| F|  |TAMS 0x0000000705800000, 0x0000000705800000| Untracked 
|  77|0x0000000705900000, 0x0000000705900000, 0x0000000705a00000|  0%| F|  |TAMS 0x0000000705900000, 0x0000000705900000| Untracked 
|  78|0x0000000705a00000, 0x0000000705a00000, 0x0000000705b00000|  0%| F|  |TAMS 0x0000000705a00000, 0x0000000705a00000| Untracked 
|  79|0x0000000705b00000, 0x0000000705b00000, 0x0000000705c00000|  0%| F|  |TAMS 0x0000000705b00000, 0x0000000705b00000| Untracked 
|  80|0x0000000705c00000, 0x0000000705c00000, 0x0000000705d00000|  0%| F|  |TAMS 0x0000000705c00000, 0x0000000705c00000| Untracked 
|  81|0x0000000705d00000, 0x0000000705d00000, 0x0000000705e00000|  0%| F|  |TAMS 0x0000000705d00000, 0x0000000705d00000| Untracked 
|  82|0x0000000705e00000, 0x0000000705e00000, 0x0000000705f00000|  0%| F|  |TAMS 0x0000000705e00000, 0x0000000705e00000| Untracked 
|  83|0x0000000705f00000, 0x0000000705f00000, 0x0000000706000000|  0%| F|  |TAMS 0x0000000705f00000, 0x0000000705f00000| Untracked 
|  84|0x0000000706000000, 0x0000000706000000, 0x0000000706100000|  0%| F|  |TAMS 0x0000000706000000, 0x0000000706000000| Untracked 
|  85|0x0000000706100000, 0x0000000706100000, 0x0000000706200000|  0%| F|  |TAMS 0x0000000706100000, 0x0000000706100000| Untracked 
|  86|0x0000000706200000, 0x0000000706200000, 0x0000000706300000|  0%| F|  |TAMS 0x0000000706200000, 0x0000000706200000| Untracked 
|  87|0x0000000706300000, 0x0000000706300000, 0x0000000706400000|  0%| F|  |TAMS 0x0000000706300000, 0x0000000706300000| Untracked 
|  88|0x0000000706400000, 0x0000000706400000, 0x0000000706500000|  0%| F|  |TAMS 0x0000000706400000, 0x0000000706400000| Untracked 
|  89|0x0000000706500000, 0x0000000706500000, 0x0000000706600000|  0%| F|  |TAMS 0x0000000706500000, 0x0000000706500000| Untracked 
|  90|0x0000000706600000, 0x0000000706600000, 0x0000000706700000|  0%| F|  |TAMS 0x0000000706600000, 0x0000000706600000| Untracked 
|  91|0x0000000706700000, 0x0000000706700000, 0x0000000706800000|  0%| F|  |TAMS 0x0000000706700000, 0x0000000706700000| Untracked 
|  92|0x0000000706800000, 0x0000000706800000, 0x0000000706900000|  0%| F|  |TAMS 0x0000000706800000, 0x0000000706800000| Untracked 
|  93|0x0000000706900000, 0x0000000706900000, 0x0000000706a00000|  0%| F|  |TAMS 0x0000000706900000, 0x0000000706900000| Untracked 
|  94|0x0000000706a00000, 0x0000000706a00000, 0x0000000706b00000|  0%| F|  |TAMS 0x0000000706a00000, 0x0000000706a00000| Untracked 
|  95|0x0000000706b00000, 0x0000000706b00000, 0x0000000706c00000|  0%| F|  |TAMS 0x0000000706b00000, 0x0000000706b00000| Untracked 
|  96|0x0000000706c00000, 0x0000000706c00000, 0x0000000706d00000|  0%| F|  |TAMS 0x0000000706c00000, 0x0000000706c00000| Untracked 
|  97|0x0000000706d00000, 0x0000000706d00000, 0x0000000706e00000|  0%| F|  |TAMS 0x0000000706d00000, 0x0000000706d00000| Untracked 
|  98|0x0000000706e00000, 0x0000000706e00000, 0x0000000706f00000|  0%| F|  |TAMS 0x0000000706e00000, 0x0000000706e00000| Untracked 
|  99|0x0000000706f00000, 0x0000000706f00000, 0x0000000707000000|  0%| F|  |TAMS 0x0000000706f00000, 0x0000000706f00000| Untracked 
| 100|0x0000000707000000, 0x0000000707000000, 0x0000000707100000|  0%| F|  |TAMS 0x0000000707000000, 0x0000000707000000| Untracked 
| 101|0x0000000707100000, 0x0000000707100000, 0x0000000707200000|  0%| F|  |TAMS 0x0000000707100000, 0x0000000707100000| Untracked 
| 102|0x0000000707200000, 0x0000000707200000, 0x0000000707300000|  0%| F|  |TAMS 0x0000000707200000, 0x0000000707200000| Untracked 
| 103|0x0000000707300000, 0x0000000707300000, 0x0000000707400000|  0%| F|  |TAMS 0x0000000707300000, 0x0000000707300000| Untracked 
| 104|0x0000000707400000, 0x0000000707400000, 0x0000000707500000|  0%| F|  |TAMS 0x0000000707400000, 0x0000000707400000| Untracked 
| 105|0x0000000707500000, 0x0000000707500000, 0x0000000707600000|  0%| F|  |TAMS 0x0000000707500000, 0x0000000707500000| Untracked 
| 106|0x0000000707600000, 0x0000000707600000, 0x0000000707700000|  0%| F|  |TAMS 0x0000000707600000, 0x0000000707600000| Untracked 
| 107|0x0000000707700000, 0x0000000707700000, 0x0000000707800000|  0%| F|  |TAMS 0x0000000707700000, 0x0000000707700000| Untracked 
| 108|0x0000000707800000, 0x0000000707800000, 0x0000000707900000|  0%| F|  |TAMS 0x0000000707800000, 0x0000000707800000| Untracked 
| 109|0x0000000707900000, 0x0000000707900000, 0x0000000707a00000|  0%| F|  |TAMS 0x0000000707900000, 0x0000000707900000| Untracked 
| 110|0x0000000707a00000, 0x0000000707a00000, 0x0000000707b00000|  0%| F|  |TAMS 0x0000000707a00000, 0x0000000707a00000| Untracked 
| 111|0x0000000707b00000, 0x0000000707b00000, 0x0000000707c00000|  0%| F|  |TAMS 0x0000000707b00000, 0x0000000707b00000| Untracked 
| 112|0x0000000707c00000, 0x0000000707c00000, 0x0000000707d00000|  0%| F|  |TAMS 0x0000000707c00000, 0x0000000707c00000| Untracked 
| 113|0x0000000707d00000, 0x0000000707d00000, 0x0000000707e00000|  0%| F|  |TAMS 0x0000000707d00000, 0x0000000707d00000| Untracked 
| 114|0x0000000707e00000, 0x0000000707e00000, 0x0000000707f00000|  0%| F|  |TAMS 0x0000000707e00000, 0x0000000707e00000| Untracked 
| 115|0x0000000707f00000, 0x0000000707f00000, 0x0000000708000000|  0%| F|  |TAMS 0x0000000707f00000, 0x0000000707f00000| Untracked 
| 116|0x0000000708000000, 0x0000000708000000, 0x0000000708100000|  0%| F|  |TAMS 0x0000000708000000, 0x0000000708000000| Untracked 
| 117|0x0000000708100000, 0x0000000708100000, 0x0000000708200000|  0%| F|  |TAMS 0x0000000708100000, 0x0000000708100000| Untracked 
| 118|0x0000000708200000, 0x0000000708200000, 0x0000000708300000|  0%| F|  |TAMS 0x0000000708200000, 0x0000000708200000| Untracked 
| 119|0x0000000708300000, 0x0000000708300000, 0x0000000708400000|  0%| F|  |TAMS 0x0000000708300000, 0x0000000708300000| Untracked 
| 120|0x0000000708400000, 0x0000000708400000, 0x0000000708500000|  0%| F|  |TAMS 0x0000000708400000, 0x0000000708400000| Untracked 
| 121|0x0000000708500000, 0x0000000708500000, 0x0000000708600000|  0%| F|  |TAMS 0x0000000708500000, 0x0000000708500000| Untracked 
| 122|0x0000000708600000, 0x0000000708600000, 0x0000000708700000|  0%| F|  |TAMS 0x0000000708600000, 0x0000000708600000| Untracked 
| 123|0x0000000708700000, 0x0000000708700000, 0x0000000708800000|  0%| F|  |TAMS 0x0000000708700000, 0x0000000708700000| Untracked 
| 124|0x0000000708800000, 0x0000000708800000, 0x0000000708900000|  0%| F|  |TAMS 0x0000000708800000, 0x0000000708800000| Untracked 
| 125|0x0000000708900000, 0x0000000708900000, 0x0000000708a00000|  0%| F|  |TAMS 0x0000000708900000, 0x0000000708900000| Untracked 
| 126|0x0000000708a00000, 0x0000000708a00000, 0x0000000708b00000|  0%| F|  |TAMS 0x0000000708a00000, 0x0000000708a00000| Untracked 
| 127|0x0000000708b00000, 0x0000000708b00000, 0x0000000708c00000|  0%| F|  |TAMS 0x0000000708b00000, 0x0000000708b00000| Untracked 
| 128|0x0000000708c00000, 0x0000000708c00000, 0x0000000708d00000|  0%| F|  |TAMS 0x0000000708c00000, 0x0000000708c00000| Untracked 
| 129|0x0000000708d00000, 0x0000000708d00000, 0x0000000708e00000|  0%| F|  |TAMS 0x0000000708d00000, 0x0000000708d00000| Untracked 
| 130|0x0000000708e00000, 0x0000000708e00000, 0x0000000708f00000|  0%| F|  |TAMS 0x0000000708e00000, 0x0000000708e00000| Untracked 
| 131|0x0000000708f00000, 0x0000000708f00000, 0x0000000709000000|  0%| F|  |TAMS 0x0000000708f00000, 0x0000000708f00000| Untracked 
| 132|0x0000000709000000, 0x0000000709000000, 0x0000000709100000|  0%| F|  |TAMS 0x0000000709000000, 0x0000000709000000| Untracked 
| 133|0x0000000709100000, 0x0000000709100000, 0x0000000709200000|  0%| F|  |TAMS 0x0000000709100000, 0x0000000709100000| Untracked 
| 134|0x0000000709200000, 0x0000000709200000, 0x0000000709300000|  0%| F|  |TAMS 0x0000000709200000, 0x0000000709200000| Untracked 
| 135|0x0000000709300000, 0x0000000709300000, 0x0000000709400000|  0%| F|  |TAMS 0x0000000709300000, 0x0000000709300000| Untracked 
| 136|0x0000000709400000, 0x0000000709400000, 0x0000000709500000|  0%| F|  |TAMS 0x0000000709400000, 0x0000000709400000| Untracked 
| 137|0x0000000709500000, 0x0000000709500000, 0x0000000709600000|  0%| F|  |TAMS 0x0000000709500000, 0x0000000709500000| Untracked 
| 138|0x0000000709600000, 0x0000000709600000, 0x0000000709700000|  0%| F|  |TAMS 0x0000000709600000, 0x0000000709600000| Untracked 
| 139|0x0000000709700000, 0x0000000709700000, 0x0000000709800000|  0%| F|  |TAMS 0x0000000709700000, 0x0000000709700000| Untracked 
| 140|0x0000000709800000, 0x0000000709800000, 0x0000000709900000|  0%| F|  |TAMS 0x0000000709800000, 0x0000000709800000| Untracked 
| 141|0x0000000709900000, 0x0000000709900000, 0x0000000709a00000|  0%| F|  |TAMS 0x0000000709900000, 0x0000000709900000| Untracked 
| 142|0x0000000709a00000, 0x0000000709a00000, 0x0000000709b00000|  0%| F|  |TAMS 0x0000000709a00000, 0x0000000709a00000| Untracked 
| 143|0x0000000709b00000, 0x0000000709b00000, 0x0000000709c00000|  0%| F|  |TAMS 0x0000000709b00000, 0x0000000709b00000| Untracked 
| 144|0x0000000709c00000, 0x0000000709c00000, 0x0000000709d00000|  0%| F|  |TAMS 0x0000000709c00000, 0x0000000709c00000| Untracked 
| 145|0x0000000709d00000, 0x0000000709d00000, 0x0000000709e00000|  0%| F|  |TAMS 0x0000000709d00000, 0x0000000709d00000| Untracked 
| 146|0x0000000709e00000, 0x0000000709e00000, 0x0000000709f00000|  0%| F|  |TAMS 0x0000000709e00000, 0x0000000709e00000| Untracked 
| 147|0x0000000709f00000, 0x0000000709f00000, 0x000000070a000000|  0%| F|  |TAMS 0x0000000709f00000, 0x0000000709f00000| Untracked 
| 148|0x000000070a000000, 0x000000070a000000, 0x000000070a100000|  0%| F|  |TAMS 0x000000070a000000, 0x000000070a000000| Untracked 
| 149|0x000000070a100000, 0x000000070a100000, 0x000000070a200000|  0%| F|  |TAMS 0x000000070a100000, 0x000000070a100000| Untracked 
| 150|0x000000070a200000, 0x000000070a200000, 0x000000070a300000|  0%| F|  |TAMS 0x000000070a200000, 0x000000070a200000| Untracked 
| 151|0x000000070a300000, 0x000000070a300000, 0x000000070a400000|  0%| F|  |TAMS 0x000000070a300000, 0x000000070a300000| Untracked 
| 152|0x000000070a400000, 0x000000070a400000, 0x000000070a500000|  0%| F|  |TAMS 0x000000070a400000, 0x000000070a400000| Untracked 
| 153|0x000000070a500000, 0x000000070a500000, 0x000000070a600000|  0%| F|  |TAMS 0x000000070a500000, 0x000000070a500000| Untracked 
| 154|0x000000070a600000, 0x000000070a600000, 0x000000070a700000|  0%| F|  |TAMS 0x000000070a600000, 0x000000070a600000| Untracked 
| 155|0x000000070a700000, 0x000000070a700000, 0x000000070a800000|  0%| F|  |TAMS 0x000000070a700000, 0x000000070a700000| Untracked 
| 156|0x000000070a800000, 0x000000070a800000, 0x000000070a900000|  0%| F|  |TAMS 0x000000070a800000, 0x000000070a800000| Untracked 
| 157|0x000000070a900000, 0x000000070a900000, 0x000000070aa00000|  0%| F|  |TAMS 0x000000070a900000, 0x000000070a900000| Untracked 
| 158|0x000000070aa00000, 0x000000070aa00000, 0x000000070ab00000|  0%| F|  |TAMS 0x000000070aa00000, 0x000000070aa00000| Untracked 
| 159|0x000000070ab00000, 0x000000070ab00000, 0x000000070ac00000|  0%| F|  |TAMS 0x000000070ab00000, 0x000000070ab00000| Untracked 
| 160|0x000000070ac00000, 0x000000070ac00000, 0x000000070ad00000|  0%| F|  |TAMS 0x000000070ac00000, 0x000000070ac00000| Untracked 
| 161|0x000000070ad00000, 0x000000070ad00000, 0x000000070ae00000|  0%| F|  |TAMS 0x000000070ad00000, 0x000000070ad00000| Untracked 
| 162|0x000000070ae00000, 0x000000070ae00000, 0x000000070af00000|  0%| F|  |TAMS 0x000000070ae00000, 0x000000070ae00000| Untracked 
| 163|0x000000070af00000, 0x000000070af00000, 0x000000070b000000|  0%| F|  |TAMS 0x000000070af00000, 0x000000070af00000| Untracked 
| 164|0x000000070b000000, 0x000000070b000000, 0x000000070b100000|  0%| F|  |TAMS 0x000000070b000000, 0x000000070b000000| Untracked 
| 165|0x000000070b100000, 0x000000070b100000, 0x000000070b200000|  0%| F|  |TAMS 0x000000070b100000, 0x000000070b100000| Untracked 
| 166|0x000000070b200000, 0x000000070b200000, 0x000000070b300000|  0%| F|  |TAMS 0x000000070b200000, 0x000000070b200000| Untracked 
| 167|0x000000070b300000, 0x000000070b300000, 0x000000070b400000|  0%| F|  |TAMS 0x000000070b300000, 0x000000070b300000| Untracked 
| 168|0x000000070b400000, 0x000000070b400000, 0x000000070b500000|  0%| F|  |TAMS 0x000000070b400000, 0x000000070b400000| Untracked 
| 169|0x000000070b500000, 0x000000070b500000, 0x000000070b600000|  0%| F|  |TAMS 0x000000070b500000, 0x000000070b500000| Untracked 
| 170|0x000000070b600000, 0x000000070b600000, 0x000000070b700000|  0%| F|  |TAMS 0x000000070b600000, 0x000000070b600000| Untracked 
| 171|0x000000070b700000, 0x000000070b700000, 0x000000070b800000|  0%| F|  |TAMS 0x000000070b700000, 0x000000070b700000| Untracked 
| 172|0x000000070b800000, 0x000000070b800000, 0x000000070b900000|  0%| F|  |TAMS 0x000000070b800000, 0x000000070b800000| Untracked 
| 173|0x000000070b900000, 0x000000070b900000, 0x000000070ba00000|  0%| F|  |TAMS 0x000000070b900000, 0x000000070b900000| Untracked 
| 174|0x000000070ba00000, 0x000000070ba00000, 0x000000070bb00000|  0%| F|  |TAMS 0x000000070ba00000, 0x000000070ba00000| Untracked 
| 175|0x000000070bb00000, 0x000000070bb00000, 0x000000070bc00000|  0%| F|  |TAMS 0x000000070bb00000, 0x000000070bb00000| Untracked 
| 176|0x000000070bc00000, 0x000000070bc00000, 0x000000070bd00000|  0%| F|  |TAMS 0x000000070bc00000, 0x000000070bc00000| Untracked 
| 177|0x000000070bd00000, 0x000000070bd00000, 0x000000070be00000|  0%| F|  |TAMS 0x000000070bd00000, 0x000000070bd00000| Untracked 
| 178|0x000000070be00000, 0x000000070be00000, 0x000000070bf00000|  0%| F|  |TAMS 0x000000070be00000, 0x000000070be00000| Untracked 
| 179|0x000000070bf00000, 0x000000070bf00000, 0x000000070c000000|  0%| F|  |TAMS 0x000000070bf00000, 0x000000070bf00000| Untracked 
| 180|0x000000070c000000, 0x000000070c000000, 0x000000070c100000|  0%| F|  |TAMS 0x000000070c000000, 0x000000070c000000| Untracked 
| 181|0x000000070c100000, 0x000000070c100000, 0x000000070c200000|  0%| F|  |TAMS 0x000000070c100000, 0x000000070c100000| Untracked 
| 182|0x000000070c200000, 0x000000070c200000, 0x000000070c300000|  0%| F|  |TAMS 0x000000070c200000, 0x000000070c200000| Untracked 
| 183|0x000000070c300000, 0x000000070c300000, 0x000000070c400000|  0%| F|  |TAMS 0x000000070c300000, 0x000000070c300000| Untracked 
| 184|0x000000070c400000, 0x000000070c400000, 0x000000070c500000|  0%| F|  |TAMS 0x000000070c400000, 0x000000070c400000| Untracked 
| 185|0x000000070c500000, 0x000000070c500000, 0x000000070c600000|  0%| F|  |TAMS 0x000000070c500000, 0x000000070c500000| Untracked 
| 186|0x000000070c600000, 0x000000070c600000, 0x000000070c700000|  0%| F|  |TAMS 0x000000070c600000, 0x000000070c600000| Untracked 
| 187|0x000000070c700000, 0x000000070c700000, 0x000000070c800000|  0%| F|  |TAMS 0x000000070c700000, 0x000000070c700000| Untracked 
| 188|0x000000070c800000, 0x000000070c800000, 0x000000070c900000|  0%| F|  |TAMS 0x000000070c800000, 0x000000070c800000| Untracked 
| 189|0x000000070c900000, 0x000000070c900000, 0x000000070ca00000|  0%| F|  |TAMS 0x000000070c900000, 0x000000070c900000| Untracked 
| 190|0x000000070ca00000, 0x000000070ca00000, 0x000000070cb00000|  0%| F|  |TAMS 0x000000070ca00000, 0x000000070ca00000| Untracked 
| 191|0x000000070cb00000, 0x000000070cb00000, 0x000000070cc00000|  0%| F|  |TAMS 0x000000070cb00000, 0x000000070cb00000| Untracked 
| 192|0x000000070cc00000, 0x000000070cc00000, 0x000000070cd00000|  0%| F|  |TAMS 0x000000070cc00000, 0x000000070cc00000| Untracked 
| 193|0x000000070cd00000, 0x000000070cd00000, 0x000000070ce00000|  0%| F|  |TAMS 0x000000070cd00000, 0x000000070cd00000| Untracked 
| 194|0x000000070ce00000, 0x000000070cf00000, 0x000000070cf00000|100%| E|  |TAMS 0x000000070ce00000, 0x000000070ce00000| Complete 
| 195|0x000000070cf00000, 0x000000070d000000, 0x000000070d000000|100%| E|CS|TAMS 0x000000070cf00000, 0x000000070cf00000| Complete 
| 196|0x000000070d000000, 0x000000070d100000, 0x000000070d100000|100%| E|CS|TAMS 0x000000070d000000, 0x000000070d000000| Complete 
| 197|0x000000070d100000, 0x000000070d200000, 0x000000070d200000|100%| E|CS|TAMS 0x000000070d100000, 0x000000070d100000| Complete 
| 198|0x000000070d200000, 0x000000070d300000, 0x000000070d300000|100%| E|CS|TAMS 0x000000070d200000, 0x000000070d200000| Complete 
| 199|0x000000070d300000, 0x000000070d400000, 0x000000070d400000|100%| E|CS|TAMS 0x000000070d300000, 0x000000070d300000| Complete 
| 200|0x000000070d400000, 0x000000070d500000, 0x000000070d500000|100%| E|CS|TAMS 0x000000070d400000, 0x000000070d400000| Complete 
| 201|0x000000070d500000, 0x000000070d600000, 0x000000070d600000|100%| E|CS|TAMS 0x000000070d500000, 0x000000070d500000| Complete 
| 202|0x000000070d600000, 0x000000070d700000, 0x000000070d700000|100%| E|CS|TAMS 0x000000070d600000, 0x000000070d600000| Complete 
| 203|0x000000070d700000, 0x000000070d800000, 0x000000070d800000|100%| E|CS|TAMS 0x000000070d700000, 0x000000070d700000| Complete 
| 204|0x000000070d800000, 0x000000070d900000, 0x000000070d900000|100%| E|CS|TAMS 0x000000070d800000, 0x000000070d800000| Complete 
| 205|0x000000070d900000, 0x000000070da00000, 0x000000070da00000|100%| E|CS|TAMS 0x000000070d900000, 0x000000070d900000| Complete 
| 206|0x000000070da00000, 0x000000070db00000, 0x000000070db00000|100%| E|CS|TAMS 0x000000070da00000, 0x000000070da00000| Complete 
| 207|0x000000070db00000, 0x000000070dc00000, 0x000000070dc00000|100%| E|CS|TAMS 0x000000070db00000, 0x000000070db00000| Complete 
| 208|0x000000070dc00000, 0x000000070dd00000, 0x000000070dd00000|100%| E|CS|TAMS 0x000000070dc00000, 0x000000070dc00000| Complete 
| 209|0x000000070dd00000, 0x000000070de00000, 0x000000070de00000|100%| E|CS|TAMS 0x000000070dd00000, 0x000000070dd00000| Complete 
| 210|0x000000070de00000, 0x000000070df00000, 0x000000070df00000|100%| E|CS|TAMS 0x000000070de00000, 0x000000070de00000| Complete 
| 211|0x000000070df00000, 0x000000070e000000, 0x000000070e000000|100%| E|CS|TAMS 0x000000070df00000, 0x000000070df00000| Complete 
| 212|0x000000070e000000, 0x000000070e100000, 0x000000070e100000|100%| E|CS|TAMS 0x000000070e000000, 0x000000070e000000| Complete 
| 213|0x000000070e100000, 0x000000070e200000, 0x000000070e200000|100%| E|CS|TAMS 0x000000070e100000, 0x000000070e100000| Complete 
| 214|0x000000070e200000, 0x000000070e300000, 0x000000070e300000|100%| E|CS|TAMS 0x000000070e200000, 0x000000070e200000| Complete 
| 215|0x000000070e300000, 0x000000070e400000, 0x000000070e400000|100%| E|CS|TAMS 0x000000070e300000, 0x000000070e300000| Complete 
| 216|0x000000070e400000, 0x000000070e500000, 0x000000070e500000|100%| E|CS|TAMS 0x000000070e400000, 0x000000070e400000| Complete 
| 217|0x000000070e500000, 0x000000070e600000, 0x000000070e600000|100%| E|CS|TAMS 0x000000070e500000, 0x000000070e500000| Complete 
| 218|0x000000070e600000, 0x000000070e700000, 0x000000070e700000|100%| E|CS|TAMS 0x000000070e600000, 0x000000070e600000| Complete 
| 219|0x000000070e700000, 0x000000070e800000, 0x000000070e800000|100%| E|CS|TAMS 0x000000070e700000, 0x000000070e700000| Complete 
| 220|0x000000070e800000, 0x000000070e900000, 0x000000070e900000|100%| E|CS|TAMS 0x000000070e800000, 0x000000070e800000| Complete 
| 221|0x000000070e900000, 0x000000070ea00000, 0x000000070ea00000|100%| E|CS|TAMS 0x000000070e900000, 0x000000070e900000| Complete 
| 222|0x000000070ea00000, 0x000000070eb00000, 0x000000070eb00000|100%| E|CS|TAMS 0x000000070ea00000, 0x000000070ea00000| Complete 
| 223|0x000000070eb00000, 0x000000070ec00000, 0x000000070ec00000|100%| E|CS|TAMS 0x000000070eb00000, 0x000000070eb00000| Complete 
| 224|0x000000070ec00000, 0x000000070ed00000, 0x000000070ed00000|100%| E|CS|TAMS 0x000000070ec00000, 0x000000070ec00000| Complete 
| 225|0x000000070ed00000, 0x000000070ee00000, 0x000000070ee00000|100%| E|CS|TAMS 0x000000070ed00000, 0x000000070ed00000| Complete 
| 226|0x000000070ee00000, 0x000000070ef00000, 0x000000070ef00000|100%| E|CS|TAMS 0x000000070ee00000, 0x000000070ee00000| Complete 
| 227|0x000000070ef00000, 0x000000070f000000, 0x000000070f000000|100%| E|CS|TAMS 0x000000070ef00000, 0x000000070ef00000| Complete 
| 228|0x000000070f000000, 0x000000070f100000, 0x000000070f100000|100%| E|CS|TAMS 0x000000070f000000, 0x000000070f000000| Complete 
| 229|0x000000070f100000, 0x000000070f200000, 0x000000070f200000|100%| E|CS|TAMS 0x000000070f100000, 0x000000070f100000| Complete 
| 230|0x000000070f200000, 0x000000070f300000, 0x000000070f300000|100%| E|CS|TAMS 0x000000070f200000, 0x000000070f200000| Complete 
| 231|0x000000070f300000, 0x000000070f400000, 0x000000070f400000|100%| E|CS|TAMS 0x000000070f300000, 0x000000070f300000| Complete 
| 232|0x000000070f400000, 0x000000070f500000, 0x000000070f500000|100%| E|CS|TAMS 0x000000070f400000, 0x000000070f400000| Complete 
| 233|0x000000070f500000, 0x000000070f600000, 0x000000070f600000|100%| E|CS|TAMS 0x000000070f500000, 0x000000070f500000| Complete 
| 234|0x000000070f600000, 0x000000070f700000, 0x000000070f700000|100%| E|CS|TAMS 0x000000070f600000, 0x000000070f600000| Complete 
| 235|0x000000070f700000, 0x000000070f800000, 0x000000070f800000|100%| E|CS|TAMS 0x000000070f700000, 0x000000070f700000| Complete 
| 236|0x000000070f800000, 0x000000070f900000, 0x000000070f900000|100%| S|CS|TAMS 0x000000070f800000, 0x000000070f800000| Complete 
| 237|0x000000070f900000, 0x000000070fa00000, 0x000000070fa00000|100%| S|CS|TAMS 0x000000070f900000, 0x000000070f900000| Complete 
| 238|0x000000070fa00000, 0x000000070fb00000, 0x000000070fb00000|100%| S|CS|TAMS 0x000000070fa00000, 0x000000070fa00000| Complete 
| 239|0x000000070fb00000, 0x000000070fc00000, 0x000000070fc00000|100%| S|CS|TAMS 0x000000070fb00000, 0x000000070fb00000| Complete 
| 240|0x000000070fc00000, 0x000000070fd00000, 0x000000070fd00000|100%| S|CS|TAMS 0x000000070fc00000, 0x000000070fc00000| Complete 
| 241|0x000000070fd00000, 0x000000070fe00000, 0x000000070fe00000|100%| S|CS|TAMS 0x000000070fd00000, 0x000000070fd00000| Complete 
| 242|0x000000070fe00000, 0x000000070ff00000, 0x000000070ff00000|100%| E|CS|TAMS 0x000000070fe00000, 0x000000070fe00000| Complete 
| 243|0x000000070ff00000, 0x0000000710000000, 0x0000000710000000|100%| E|CS|TAMS 0x000000070ff00000, 0x000000070ff00000| Complete 
| 244|0x0000000710000000, 0x0000000710100000, 0x0000000710100000|100%| E|CS|TAMS 0x0000000710000000, 0x0000000710000000| Complete 
| 245|0x0000000710100000, 0x0000000710200000, 0x0000000710200000|100%| E|CS|TAMS 0x0000000710100000, 0x0000000710100000| Complete 
| 246|0x0000000710200000, 0x0000000710300000, 0x0000000710300000|100%| E|  |TAMS 0x0000000710200000, 0x0000000710200000| Complete 
| 247|0x0000000710300000, 0x0000000710400000, 0x0000000710400000|100%| E|CS|TAMS 0x0000000710300000, 0x0000000710300000| Complete 
| 248|0x0000000710400000, 0x0000000710500000, 0x0000000710500000|100%| E|CS|TAMS 0x0000000710400000, 0x0000000710400000| Complete 
| 249|0x0000000710500000, 0x0000000710600000, 0x0000000710600000|100%| E|CS|TAMS 0x0000000710500000, 0x0000000710500000| Complete 
| 250|0x0000000710600000, 0x0000000710700000, 0x0000000710700000|100%| E|CS|TAMS 0x0000000710600000, 0x0000000710600000| Complete 
| 251|0x0000000710700000, 0x0000000710800000, 0x0000000710800000|100%| E|CS|TAMS 0x0000000710700000, 0x0000000710700000| Complete 
| 252|0x0000000710800000, 0x0000000710900000, 0x0000000710900000|100%| E|CS|TAMS 0x0000000710800000, 0x0000000710800000| Complete 
| 253|0x0000000710900000, 0x0000000710a00000, 0x0000000710a00000|100%| E|CS|TAMS 0x0000000710900000, 0x0000000710900000| Complete 
| 254|0x0000000710a00000, 0x0000000710b00000, 0x0000000710b00000|100%| E|CS|TAMS 0x0000000710a00000, 0x0000000710a00000| Complete 
| 255|0x0000000710b00000, 0x0000000710c00000, 0x0000000710c00000|100%| E|CS|TAMS 0x0000000710b00000, 0x0000000710b00000| Complete 

Card table byte_map: [0x000001e0f9d80000,0x000001e0fa580000] _byte_map_base: 0x000001e0f657a000

Marking Bits (Prev, Next): (CMBitMap*) 0x000001e0f0bd33a0, (CMBitMap*) 0x000001e0f0bd3368
 Prev Bits: [0x000001e08f000000, 0x000001e092fd0000)
 Next Bits: [0x000001e0fad80000, 0x000001e0fed50000)

Polling page: 0x000001e0eeaf0000

Metaspace:

Usage:
  Non-class:     23.25 MB capacity,    23.10 MB (>99%) used,   118.84 KB ( <1%) free+waste,    33.75 KB ( <1%) overhead. 
      Class:      3.01 MB capacity,     2.93 MB ( 97%) used,    67.00 KB (  2%) free+waste,    13.31 KB ( <1%) overhead. 
       Both:     26.26 MB capacity,    26.04 MB (>99%) used,   185.84 KB ( <1%) free+waste,    47.06 KB ( <1%) overhead. 

Virtual space:
  Non-class space:       24.00 MB reserved,      23.25 MB ( 97%) committed 
      Class space:        1.00 GB reserved,       3.13 MB ( <1%) committed 
             Both:        1.02 GB reserved,      26.38 MB (  3%) committed 

Chunk freelists:
   Non-Class:  0 bytes
       Class:  19.00 KB
        Both:  19.00 KB

MaxMetaspaceSize: 17179869184.00 GB
CompressedClassSpaceSize: 1.00 GB

CodeHeap 'non-profiled nmethods': size=120000Kb used=1872Kb max_used=1872Kb free=118127Kb
 bounds [0x000001e087ad0000, 0x000001e087d40000, 0x000001e08f000000]
CodeHeap 'profiled nmethods': size=120000Kb used=7913Kb max_used=7913Kb free=112087Kb
 bounds [0x000001e0805a0000, 0x000001e080d60000, 0x000001e087ad0000]
CodeHeap 'non-nmethods': size=5760Kb used=1164Kb max_used=1224Kb free=4595Kb
 bounds [0x000001e080000000, 0x000001e080270000, 0x000001e0805a0000]
 total_blobs=4318 nmethods=3820 adapters=409
 compilation: enabled
              stopped_count=0, restarted_count=0
 full_count=0

Compilation events (20 events):
Event: 3.295 Thread 0x000001e09591e800 3811       4       java.lang.AbstractStringBuilder::append (77 bytes)
Event: 3.295 Thread 0x000001e0ffa08000 nmethod 3799 0x000001e080d56d90 code [0x000001e080d57040, 0x000001e080d57d68]
Event: 3.298 Thread 0x000001e0ffa02000 nmethod 3793 0x000001e087ca0790 code [0x000001e087ca09a0, 0x000001e087ca11b0]
Event: 3.298 Thread 0x000001e0ffa08000 3812       3       java.io.FileInputStream::read (9 bytes)
Event: 3.298 Thread 0x000001e0ffa08000 nmethod 3812 0x000001e080d58210 code [0x000001e080d583c0, 0x000001e080d58508]
Event: 3.301 Thread 0x000001e09591e800 nmethod 3811 0x000001e087ca1890 code [0x000001e087ca1a60, 0x000001e087ca1f68]
Event: 3.309 Thread 0x000001e0ffa02000 3815       4       java.nio.DirectByteBuffer::ix (10 bytes)
Event: 3.309 Thread 0x000001e0ffa08000 3813   !   3       java.nio.DirectByteBuffer::put (32 bytes)
Event: 3.309 Thread 0x000001e0ffa02000 nmethod 3815 0x000001e087ca2610 code [0x000001e087ca27a0, 0x000001e087ca2818]
Event: 3.309 Thread 0x000001e0ffa08000 nmethod 3813 0x000001e080d58610 code [0x000001e080d587e0, 0x000001e080d58ad8]
Event: 3.309 Thread 0x000001e0ffa08000 3814       3       jdk.internal.misc.Unsafe::putByte (8 bytes)
Event: 3.309 Thread 0x000001e0ffa08000 nmethod 3814 0x000001e080d58d10 code [0x000001e080d58ec0, 0x000001e080d58fd8]
Event: 3.317 Thread 0x000001e0ffa08000 3819       3       java.lang.invoke.MemberName::isMethod (7 bytes)
Event: 3.318 Thread 0x000001e0ffa08000 nmethod 3819 0x000001e080d59090 code [0x000001e080d59240, 0x000001e080d59478]
Event: 3.318 Thread 0x000001e0ffa08000 3820       3       jdk.internal.org.objectweb.asm.MethodWriter::visitInsn (114 bytes)
Event: 3.318 Thread 0x000001e0ffa08000 nmethod 3820 0x000001e080d59590 code [0x000001e080d59780, 0x000001e080d59ba8]
Event: 3.318 Thread 0x000001e0ffa08000 3821       3       java.lang.StringBuilder::append (9 bytes)
Event: 3.318 Thread 0x000001e09591e800 3822       4       java.lang.reflect.Method::invoke (65 bytes)
Event: 3.318 Thread 0x000001e0ffa08000 nmethod 3821 0x000001e080d59d90 code [0x000001e080d59f80, 0x000001e080d5a2b8]
Event: 3.331 Thread 0x000001e09591e800 nmethod 3822 0x000001e087ca2c90 code [0x000001e087ca2ec0, 0x000001e087ca3760]

GC Heap History (8 events):
Event: 0.591 GC heap before
{Heap before GC invocations=0 (full 0):
 garbage-first heap   total 262144K, used 24576K [0x0000000700c00000, 0x0000000800000000)
  region size 1024K, 24 young (24576K), 0 survivors (0K)
 Metaspace       used 9737K, capacity 9849K, committed 9984K, reserved 1058816K
  class space    used 902K, capacity 959K, committed 1024K, reserved 1048576K
}
Event: 0.595 GC heap after
{Heap after GC invocations=1 (full 0):
 garbage-first heap   total 262144K, used 7284K [0x0000000700c00000, 0x0000000800000000)
  region size 1024K, 3 young (3072K), 3 survivors (3072K)
 Metaspace       used 9737K, capacity 9849K, committed 9984K, reserved 1058816K
  class space    used 902K, capacity 959K, committed 1024K, reserved 1048576K
}
Event: 0.767 GC heap before
{Heap before GC invocations=1 (full 0):
 garbage-first heap   total 262144K, used 23668K [0x0000000700c00000, 0x0000000800000000)
  region size 1024K, 20 young (20480K), 3 survivors (3072K)
 Metaspace       used 10852K, capacity 10976K, committed 11136K, reserved 1058816K
  class space    used 1018K, capacity 1056K, committed 1152K, reserved 1048576K
}
Event: 0.770 GC heap after
{Heap after GC invocations=2 (full 0):
 garbage-first heap   total 262144K, used 9867K [0x0000000700c00000, 0x0000000800000000)
  region size 1024K, 3 young (3072K), 3 survivors (3072K)
 Metaspace       used 10852K, capacity 10976K, committed 11136K, reserved 1058816K
  class space    used 1018K, capacity 1056K, committed 1152K, reserved 1048576K
}
Event: 1.465 GC heap before
{Heap before GC invocations=2 (full 0):
 garbage-first heap   total 262144K, used 64139K [0x0000000700c00000, 0x0000000800000000)
  region size 1024K, 51 young (52224K), 3 survivors (3072K)
 Metaspace       used 18290K, capacity 18546K, committed 18816K, reserved 1067008K
  class space    used 2047K, capacity 2142K, committed 2176K, reserved 1048576K
}
Event: 1.472 GC heap after
{Heap after GC invocations=3 (full 0):
 garbage-first heap   total 262144K, used 16601K [0x0000000700c00000, 0x0000000800000000)
  region size 1024K, 7 young (7168K), 7 survivors (7168K)
 Metaspace       used 18290K, capacity 18546K, committed 18816K, reserved 1067008K
  class space    used 2047K, capacity 2142K, committed 2176K, reserved 1048576K
}
Event: 1.813 GC heap before
{Heap before GC invocations=3 (full 0):
 garbage-first heap   total 262144K, used 29913K [0x0000000700c00000, 0x0000000800000000)
  region size 1024K, 21 young (21504K), 7 survivors (7168K)
 Metaspace       used 20960K, capacity 21124K, committed 21248K, reserved 1069056K
  class space    used 2390K, capacity 2465K, committed 2560K, reserved 1048576K
}
Event: 1.830 GC heap after
{Heap after GC invocations=4 (full 0):
 garbage-first heap   total 262144K, used 18640K [0x0000000700c00000, 0x0000000800000000)
  region size 1024K, 6 young (6144K), 6 survivors (6144K)
 Metaspace       used 20960K, capacity 21124K, committed 21248K, reserved 1069056K
  class space    used 2390K, capacity 2465K, committed 2560K, reserved 1048576K
}

Deoptimization events (20 events):
Event: 2.536 Thread 0x000001e0f0b6b800 Uncommon trap: trap_request=0xffffff4d fr.pc=0x000001e087c2d5c4 relative=0x0000000000000264
Event: 2.536 Thread 0x000001e0f0b6b800 Uncommon trap: reason=unstable_if action=reinterpret pc=0x000001e087c2d5c4 method=org.eclipse.emf.common.notify.impl.BasicNotifierImpl$EAdapterList.data()[Ljava/lang/Object; @ 16 c2
Event: 2.536 Thread 0x000001e0f0b6b800 DEOPT PACKING pc=0x000001e087c2d5c4 sp=0x00000047c56fb2c0
Event: 2.536 Thread 0x000001e0f0b6b800 DEOPT UNPACKING pc=0x000001e080027b2f sp=0x00000047c56fb1e0 mode 2
Event: 2.710 Thread 0x000001e0f0b6b800 Uncommon trap: trap_request=0xffffff4d fr.pc=0x000001e087af4194 relative=0x0000000000000154
Event: 2.710 Thread 0x000001e0f0b6b800 Uncommon trap: reason=unstable_if action=reinterpret pc=0x000001e087af4194 method=java.lang.ThreadLocal$ThreadLocalMap.getEntry(Ljava/lang/ThreadLocal;)Ljava/lang/ThreadLocal$ThreadLocalMap$Entry; @ 29 c2
Event: 2.710 Thread 0x000001e0f0b6b800 DEOPT PACKING pc=0x000001e087af4194 sp=0x00000047c56fccd0
Event: 2.710 Thread 0x000001e0f0b6b800 DEOPT UNPACKING pc=0x000001e080027b2f sp=0x00000047c56fcc10 mode 2
Event: 2.724 Thread 0x000001e0f0b6b800 Uncommon trap: trap_request=0xffffff4d fr.pc=0x000001e087af46bc relative=0x00000000000000fc
Event: 2.724 Thread 0x000001e0f0b6b800 Uncommon trap: reason=unstable_if action=reinterpret pc=0x000001e087af46bc method=java.lang.ThreadLocal$ThreadLocalMap.getEntry(Ljava/lang/ThreadLocal;)Ljava/lang/ThreadLocal$ThreadLocalMap$Entry; @ 29 c2
Event: 2.724 Thread 0x000001e0f0b6b800 DEOPT PACKING pc=0x000001e087af46bc sp=0x00000047c56fcc50
Event: 2.724 Thread 0x000001e0f0b6b800 DEOPT UNPACKING pc=0x000001e080027b2f sp=0x00000047c56fcc08 mode 2
Event: 2.969 Thread 0x000001e0f0b6b800 Uncommon trap: trap_request=0xffffff4d fr.pc=0x000001e087c7079c relative=0x000000000000007c
Event: 2.969 Thread 0x000001e0f0b6b800 Uncommon trap: reason=unstable_if action=reinterpret pc=0x000001e087c7079c method=org.uqbar.project.wollok.wollokDsl.impl.WMemberFeatureCallImpl.eIsSet(I)Z @ 104 c2
Event: 2.969 Thread 0x000001e0f0b6b800 DEOPT PACKING pc=0x000001e087c7079c sp=0x00000047c56fb190
Event: 2.969 Thread 0x000001e0f0b6b800 DEOPT UNPACKING pc=0x000001e080027b2f sp=0x00000047c56fb120 mode 2
Event: 3.281 Thread 0x000001e0f0b6b800 Uncommon trap: trap_request=0xffffff4d fr.pc=0x000001e087b5ecac relative=0x000000000000156c
Event: 3.281 Thread 0x000001e0f0b6b800 Uncommon trap: reason=unstable_if action=reinterpret pc=0x000001e087b5ecac method=java.io.WinNTFileSystem.normalize(Ljava/lang/String;)Ljava/lang/String; @ 128 c2
Event: 3.281 Thread 0x000001e0f0b6b800 DEOPT PACKING pc=0x000001e087b5ecac sp=0x00000047c56f9720
Event: 3.281 Thread 0x000001e0f0b6b800 DEOPT UNPACKING pc=0x000001e080027b2f sp=0x00000047c56f9708 mode 2

Classes redefined (0 events):
No events

Internal exceptions (20 events):
Event: 2.529 Thread 0x000001e0f0b6b800 Exception <a 'java/io/FileNotFoundException'{0x000000070ef9dbf0}> (0x000000070ef9dbf0) thrown at [./src/hotspot/share/prims/jni.cpp, line 615]
Event: 2.530 Thread 0x000001e0f0b6b800 Exception <a 'java/io/FileNotFoundException'{0x000000070efa7f60}> (0x000000070efa7f60) thrown at [./src/hotspot/share/prims/jni.cpp, line 615]
Event: 2.555 Thread 0x000001e0f0b6b800 Exception <a 'java/io/FileNotFoundException'{0x000000070ee9caf8}> (0x000000070ee9caf8) thrown at [./src/hotspot/share/prims/jni.cpp, line 615]
Event: 2.568 Thread 0x000001e0f0b6b800 Exception <a 'java/io/FileNotFoundException'{0x000000070ed4e930}> (0x000000070ed4e930) thrown at [./src/hotspot/share/prims/jni.cpp, line 615]
Event: 2.628 Thread 0x000001e0f0b6b800 Exception <a 'java/io/FileNotFoundException'{0x000000070eb6c6c8}> (0x000000070eb6c6c8) thrown at [./src/hotspot/share/prims/jni.cpp, line 615]
Event: 2.778 Thread 0x000001e0f0b6b800 Exception <a 'java/io/FileNotFoundException'{0x000000070e335db0}> (0x000000070e335db0) thrown at [./src/hotspot/share/prims/jni.cpp, line 615]
Event: 2.782 Thread 0x000001e0f0b6b800 Exception <a 'java/io/FileNotFoundException'{0x000000070e365618}> (0x000000070e365618) thrown at [./src/hotspot/share/prims/jni.cpp, line 615]
Event: 2.808 Thread 0x000001e0f0b6b800 Exception <a 'java/lang/reflect/InvocationTargetException'{0x000000070e170db0}> (0x000000070e170db0) thrown at [./src/hotspot/share/runtime/reflection.cpp, line 1247]
Event: 2.809 Thread 0x000001e0f0b6b800 Exception <a 'java/lang/reflect/InvocationTargetException'{0x000000070e17ad60}> (0x000000070e17ad60) thrown at [./src/hotspot/share/runtime/reflection.cpp, line 1247]
Event: 2.810 Thread 0x000001e0f0b6b800 Exception <a 'java/lang/reflect/InvocationTargetException'{0x000000070e184f20}> (0x000000070e184f20) thrown at [./src/hotspot/share/runtime/reflection.cpp, line 1247]
Event: 2.811 Thread 0x000001e0f0b6b800 Exception <a 'java/lang/reflect/InvocationTargetException'{0x000000070e18eea8}> (0x000000070e18eea8) thrown at [./src/hotspot/share/runtime/reflection.cpp, line 1247]
Event: 2.821 Thread 0x000001e0f0b6b800 Exception <a 'java/lang/reflect/InvocationTargetException'{0x000000070e0129b0}> (0x000000070e0129b0) thrown at [./src/hotspot/share/runtime/reflection.cpp, line 1247]
Event: 3.089 Thread 0x000001e0f0b6b800 Exception <a 'java/lang/NoSuchMethodError'{0x000000070d0c9b30}: 'java.lang.Object java.lang.invoke.DirectMethodHandle$Holder.invokeStaticInit(java.lang.Object, int, int, int, int)'> (0x000000070d0c9b30) thrown at [./src/hotspot/share/interpreter/linkResolver.cpp, line 773]
Event: 3.290 Thread 0x000001e0f0b6b800 Exception <a 'java/lang/NoSuchMethodError'{0x000000070cf8bbe0}: 'java.lang.Object java.lang.invoke.DirectMethodHandle$Holder.invokeStaticInit(java.lang.Object, java.lang.Object, int, int, int, int)'> (0x000000070cf8bbe0) thrown at [./src/hotspot/share/interpreter/linkResolver.cpp, line 773]
Event: 3.316 Thread 0x000001e0f0b6b800 Exception <a 'java/security/PrivilegedActionException'{0x000000070ce47b38}> (0x000000070ce47b38) thrown at [./src/hotspot/share/prims/jvm.cpp, line 1306]
Event: 3.316 Thread 0x000001e0f0b6b800 Exception <a 'java/security/PrivilegedActionException'{0x000000070ce49280}> (0x000000070ce49280) thrown at [./src/hotspot/share/prims/jvm.cpp, line 1306]
Event: 3.316 Thread 0x000001e0f0b6b800 Exception <a 'java/security/PrivilegedActionException'{0x000000070ce4a8e8}> (0x000000070ce4a8e8) thrown at [./src/hotspot/share/prims/jvm.cpp, line 1306]
Event: 3.318 Thread 0x000001e0f0b6b800 Exception <a 'java/security/PrivilegedActionException'{0x000000070ce574e8}> (0x000000070ce574e8) thrown at [./src/hotspot/share/prims/jvm.cpp, line 1306]
Event: 3.318 Thread 0x000001e0f0b6b800 Exception <a 'java/security/PrivilegedActionException'{0x000000070ce58b48}> (0x000000070ce58b48) thrown at [./src/hotspot/share/prims/jvm.cpp, line 1306]
Event: 3.318 Thread 0x000001e0f0b6b800 Exception <a 'java/security/PrivilegedActionException'{0x000000070ce5a168}> (0x000000070ce5a168) thrown at [./src/hotspot/share/prims/jvm.cpp, line 1306]

Events (20 events):
Event: 3.325 loading class java/nio/charset/CharacterCodingException
Event: 3.325 loading class java/nio/charset/CharacterCodingException done
Event: 3.325 loading class org/lwjgl/MemoryUtil$Accessor
Event: 3.325 loading class org/lwjgl/MemoryUtil$Accessor done
Event: 3.326 loading class org/lwjgl/MemoryUtilSun$AccessorUnsafe
Event: 3.326 loading class org/lwjgl/MemoryUtilSun$AccessorUnsafe done
Event: 3.326 loading class sun/misc/Unsafe
Event: 3.326 loading class sun/misc/Unsafe done
Event: 3.327 loading class org/lwjgl/MemoryUtilSun
Event: 3.327 loading class org/lwjgl/MemoryUtilSun done
Event: 3.327 loading class org/lwjgl/MemoryUtilSun$AccessorReflectFast
Event: 3.327 loading class org/lwjgl/MemoryUtilSun$AccessorReflectFast done
Event: 3.342 loading class org/lwjgl/openal/ALCdevice
Event: 3.342 loading class org/lwjgl/openal/ALCdevice done
Event: 3.343 loading class org/lwjgl/openal/ALCcontext
Event: 3.343 loading class org/lwjgl/openal/ALCcontext done
Event: 3.343 loading class org/lwjgl/openal/Util
Event: 3.343 loading class org/lwjgl/openal/Util done
Event: 3.344 loading class org/lwjgl/openal/OpenALException
Event: 3.344 loading class org/lwjgl/openal/OpenALException done


Dynamic libraries:
0x00007ff778490000 - 0x00007ff77849d000 	C:\Program Files\AdoptOpenJDK\jdk-11.0.10.9-hotspot\bin\javaw.exe
0x00007ffd4d6b0000 - 0x00007ffd4d8a5000 	C:\WINDOWS\SYSTEM32\ntdll.dll
0x00007ffd4d0d0000 - 0x00007ffd4d18d000 	C:\WINDOWS\System32\KERNEL32.DLL
0x00007ffd4ae20000 - 0x00007ffd4b0e8000 	C:\WINDOWS\System32\KERNELBASE.dll
0x00007ffd4b4c0000 - 0x00007ffd4b5c0000 	C:\WINDOWS\System32\ucrtbase.dll
0x00007ffd445d0000 - 0x00007ffd445e7000 	C:\Program Files\AdoptOpenJDK\jdk-11.0.10.9-hotspot\bin\jli.dll
0x00007ffd44670000 - 0x00007ffd44685000 	C:\Program Files\AdoptOpenJDK\jdk-11.0.10.9-hotspot\bin\VCRUNTIME140.dll
0x00007ffd4c030000 - 0x00007ffd4c1d0000 	C:\WINDOWS\System32\USER32.dll
0x00007ffd4adf0000 - 0x00007ffd4ae12000 	C:\WINDOWS\System32\win32u.dll
0x00007ffd4cd80000 - 0x00007ffd4cdaa000 	C:\WINDOWS\System32\GDI32.dll
0x00007ffd305e0000 - 0x00007ffd3087a000 	C:\WINDOWS\WinSxS\amd64_microsoft.windows.common-controls_6595b64144ccf1df_6.0.19041.1052_none_60b8f8fd71f5e8cb\COMCTL32.dll
0x00007ffd4b380000 - 0x00007ffd4b48b000 	C:\WINDOWS\System32\gdi32full.dll
0x00007ffd4cdb0000 - 0x00007ffd4ce4e000 	C:\WINDOWS\System32\msvcrt.dll
0x00007ffd4b2e0000 - 0x00007ffd4b37d000 	C:\WINDOWS\System32\msvcp_win.dll
0x00007ffd4caf0000 - 0x00007ffd4cb20000 	C:\WINDOWS\System32\IMM32.DLL
0x00007ffd2ec70000 - 0x00007ffd2ed0b000 	C:\Program Files\AdoptOpenJDK\jdk-11.0.10.9-hotspot\bin\msvcp140.dll
0x00007ffcde4c0000 - 0x00007ffcdf003000 	C:\Program Files\AdoptOpenJDK\jdk-11.0.10.9-hotspot\bin\server\jvm.dll
0x00007ffd4c8b0000 - 0x00007ffd4c95c000 	C:\WINDOWS\System32\ADVAPI32.dll
0x00007ffd4d560000 - 0x00007ffd4d5fb000 	C:\WINDOWS\System32\sechost.dll
0x00007ffd4cc50000 - 0x00007ffd4cd7b000 	C:\WINDOWS\System32\RPCRT4.dll
0x00007ffd4b8c0000 - 0x00007ffd4b8c8000 	C:\WINDOWS\System32\PSAPI.DLL
0x00007ffd45980000 - 0x00007ffd45989000 	C:\WINDOWS\SYSTEM32\WSOCK32.dll
0x00007ffd3b8f0000 - 0x00007ffd3b917000 	C:\WINDOWS\SYSTEM32\WINMM.dll
0x00007ffd44320000 - 0x00007ffd4432a000 	C:\WINDOWS\SYSTEM32\VERSION.dll
0x00007ffd4d600000 - 0x00007ffd4d66b000 	C:\WINDOWS\System32\WS2_32.dll
0x00007ffd49710000 - 0x00007ffd49722000 	C:\WINDOWS\SYSTEM32\kernel.appcore.dll
0x00007ffd45970000 - 0x00007ffd45980000 	C:\Program Files\AdoptOpenJDK\jdk-11.0.10.9-hotspot\bin\verify.dll
0x00007ffd493f0000 - 0x00007ffd495d4000 	C:\WINDOWS\SYSTEM32\DBGHELP.DLL
0x00007ffd36a10000 - 0x00007ffd36a3c000 	C:\WINDOWS\SYSTEM32\dbgcore.DLL
0x00007ffd4b0f0000 - 0x00007ffd4b173000 	C:\WINDOWS\System32\bcryptPrimitives.dll
0x00007ffd452d0000 - 0x00007ffd452f8000 	C:\Program Files\AdoptOpenJDK\jdk-11.0.10.9-hotspot\bin\java.dll
0x00007ffd452c0000 - 0x00007ffd452ca000 	C:\Program Files\AdoptOpenJDK\jdk-11.0.10.9-hotspot\bin\jimage.dll
0x00007ffd452a0000 - 0x00007ffd452b7000 	C:\Program Files\AdoptOpenJDK\jdk-11.0.10.9-hotspot\bin\zip.dll
0x00007ffd4b8d0000 - 0x00007ffd4c00f000 	C:\WINDOWS\System32\SHELL32.dll
0x00007ffd48b90000 - 0x00007ffd49320000 	C:\WINDOWS\SYSTEM32\windows.storage.dll
0x00007ffd4d200000 - 0x00007ffd4d555000 	C:\WINDOWS\System32\combase.dll
0x00007ffd4a860000 - 0x00007ffd4a88c000 	C:\WINDOWS\SYSTEM32\Wldp.dll
0x00007ffd4c6d0000 - 0x00007ffd4c77e000 	C:\WINDOWS\System32\SHCORE.dll
0x00007ffd4d1a0000 - 0x00007ffd4d1f5000 	C:\WINDOWS\System32\shlwapi.dll
0x00007ffd4ad30000 - 0x00007ffd4ad4f000 	C:\WINDOWS\SYSTEM32\profapi.dll
0x00007ffd45270000 - 0x00007ffd45289000 	C:\Program Files\AdoptOpenJDK\jdk-11.0.10.9-hotspot\bin\net.dll
0x00007ffd3a110000 - 0x00007ffd3a21b000 	C:\WINDOWS\SYSTEM32\WINHTTP.dll
0x00007ffd4a5d0000 - 0x00007ffd4a63a000 	C:\WINDOWS\system32\mswsock.dll
0x00007ffd45250000 - 0x00007ffd45262000 	C:\Program Files\AdoptOpenJDK\jdk-11.0.10.9-hotspot\bin\nio.dll
0x0000000065580000 - 0x0000000065616000 	C:\Users\juanm\AppData\Local\Temp\libgdxjuanm\12dfaa03\gdx64.dll
0x00007ffd4a7a0000 - 0x00007ffd4a7b8000 	C:\WINDOWS\SYSTEM32\CRYPTSP.dll
0x00007ffd49f00000 - 0x00007ffd49f34000 	C:\WINDOWS\system32\rsaenh.dll
0x00007ffd4b490000 - 0x00007ffd4b4b7000 	C:\WINDOWS\System32\bcrypt.dll
0x00007ffd4acf0000 - 0x00007ffd4ad1e000 	C:\WINDOWS\SYSTEM32\USERENV.dll
0x00007ffd4a7c0000 - 0x00007ffd4a7cc000 	C:\WINDOWS\SYSTEM32\CRYPTBASE.dll
0x00007ffd4a270000 - 0x00007ffd4a2ab000 	C:\WINDOWS\SYSTEM32\IPHLPAPI.DLL
0x00007ffd4d190000 - 0x00007ffd4d198000 	C:\WINDOWS\System32\NSI.dll
0x00007ffd482e0000 - 0x00007ffd482f7000 	C:\WINDOWS\SYSTEM32\dhcpcsvc6.DLL
0x00007ffd482c0000 - 0x00007ffd482dd000 	C:\WINDOWS\SYSTEM32\dhcpcsvc.DLL
0x00007ffd4a2c0000 - 0x00007ffd4a38c000 	C:\WINDOWS\SYSTEM32\DNSAPI.dll
0x0000000180000000 - 0x0000000180053000 	C:\Users\juanm\AppData\Local\Temp\libgdxjuanm\dc0f0009\lwjgl64.dll
0x00007ffd2a9c0000 - 0x00007ffd2aae6000 	C:\WINDOWS\SYSTEM32\OPENGL32.dll
0x00007ffd470a0000 - 0x00007ffd470cc000 	C:\WINDOWS\SYSTEM32\GLU32.dll
0x000001e09b140000 - 0x000001e09b1a4000 	C:\Users\juanm\AppData\Local\Temp\libgdxjuanm\dc0f0009\OpenAL64.dll
0x00007ffd4cb20000 - 0x00007ffd4cc4a000 	C:\WINDOWS\System32\ole32.dll
0x00007ffd47df0000 - 0x00007ffd47e8e000 	C:\WINDOWS\system32\uxtheme.dll
0x00007ffd4c960000 - 0x00007ffd4ca09000 	C:\WINDOWS\System32\clbcatq.dll
0x00007ffcf8d90000 - 0x00007ffcf8e2c000 	C:\WINDOWS\SYSTEM32\dsound.dll
0x00007ffd4a390000 - 0x00007ffd4a3db000 	C:\WINDOWS\SYSTEM32\powrprof.dll
0x00007ffd17740000 - 0x00007ffd17766000 	C:\WINDOWS\SYSTEM32\winmmbase.dll
0x00007ffd4a250000 - 0x00007ffd4a262000 	C:\WINDOWS\SYSTEM32\UMPDC.dll
0x00007ffd3afc0000 - 0x00007ffd3b045000 	C:\WINDOWS\System32\MMDevApi.dll
0x00007ffd4abc0000 - 0x00007ffd4abec000 	C:\WINDOWS\System32\DEVOBJ.dll
0x00007ffd4b5c0000 - 0x00007ffd4b60e000 	C:\WINDOWS\System32\cfgmgr32.dll
0x00007ffd39f80000 - 0x00007ffd3a101000 	C:\WINDOWS\SYSTEM32\AUDIOSES.DLL
0x00007ffd4d000000 - 0x00007ffd4d0cd000 	C:\WINDOWS\System32\OLEAUT32.dll

dbghelp: loaded successfully - version: 4.0.5 - missing functions: none
symbol engine: initialized successfully - sym options: 0x614 - pdb path: .;C:\Program Files\AdoptOpenJDK\jdk-11.0.10.9-hotspot\bin;C:\WINDOWS\SYSTEM32;C:\WINDOWS\WinSxS\amd64_microsoft.windows.common-controls_6595b64144ccf1df_6.0.19041.1052_none_60b8f8fd71f5e8cb;C:\Program Files\AdoptOpenJDK\jdk-11.0.10.9-hotspot\bin\server;C:\Users\juanm\AppData\Local\Temp\libgdxjuanm\12dfaa03;C:\Users\juanm\AppData\Local\Temp\libgdxjuanm\dc0f0009

VM Arguments:
jvm_args: -Duser.language=en_US -Dfile.encoding=UTF-8 
java_command: org.uqbar.project.wollok.launch.WollokLauncher -requestsPort 0 -eventsPort 0 -folder -dontValidate -coercingStrategy decimals -wf src/programa_juego_aventura.wpgm -darkMode
java_class_path (initial): C:\Users\juanm\Downloads\wollok-win32.win32.x86_64\workspace\grupo1-juego-aventura-2021\bin;C:\Users\juanm\Downloads\wollok-win32.win32.x86_64\plugins\com.ibm.icu_64.2.0.v20190507-1337.jar;C:\Users\juanm\Downloads\wollok-win32.win32.x86_64\plugins\org.eclipse.xtext_2.20.0.v20191202-0915.jar;C:\Users\juanm\Downloads\wollok-win32.win32.x86_64\plugins\org.eclipse.emf.ecore.xmi_2.16.0.v20190528-0725.jar;C:\Users\juanm\Downloads\wollok-win32.win32.x86_64\plugins\org.eclipse.emf.ecore_2.20.0.v20190920-0401.jar;C:\Users\juanm\Downloads\wollok-win32.win32.x86_64\plugins\org.eclipse.emf.common_2.17.0.v20190920-0401.jar;C:\Users\juanm\Downloads\wollok-win32.win32.x86_64\plugins\org.antlr.runtime_3.2.0.v201101311130.jar;C:\Users\juanm\Downloads\wollok-win32.win32.x86_64\plugins\com.google.inject_3.0.0.v201605172100.jar;C:\Users\juanm\Downloads\wollok-win32.win32.x86_64\plugins\org.eclipse.emf.mwe.core_1.5.1.v20191121-1148.jar;C:\Users\juanm\Downloads\wollok-win32.win32.x86_64\plugins\org.apache.commons.cli_1.2.0.v201404270220.jar;C:\Users\juanm\Downloads\wollok-win32.win32.x86_64\plugins\org.eclipse.emf.mwe2.runtime_2.11.1.v20191121-1148.jar;C:\Users\juanm\Downloads\wollok-win32.win32.x86_64\plugins\org.eclipse.emf.mwe.utils_1.5.1.v20191121-1148.jar;C:\Users\juanm\Downloads\wollok-win32.win32.x86_64\plugins\org.eclipse.xtext.util_2.20.0.v20191202-0915.jar;C:\Users\juanm\Downloads\wollok-win32.win32.x86_64\plugins\com.google.guava_27.1.0.v20190517-1946.jar;C:\Users\juanm\Downloads\wollok-win32.win32.x86_64\plugins\javax.inject_1.0.0.v20091030.jar;C:\Users\juanm\Downloads\wollok-win32.win32.x86_64\plugins\org.eclipse.xtext.generator_2.20.0.v20191202-0933.jar;C:\Users\juanm\Downloads\wollok-win32.win32.x86_64\plugins\org.eclipse.xtext.xtext.generator_2.20.0.v20191202-0915.jar;C:\Users\juanm\Downloads\wollok-win32.win32.x86_64\plugins\org.eclipse.xtext.xbase.lib_2.20.0.v20191202-0907.jar;C:\Users\juanm\Downloads\wollok-win32.win32.x86_64\plugins\org.ec
Launcher Type: SUN_STANDARD

[Global flags]
     intx CICompilerCount                          = 4                                         {product} {ergonomic}
     uint ConcGCThreads                            = 2                                         {product} {ergonomic}
     uint G1ConcRefinementThreads                  = 8                                         {product} {ergonomic}
   size_t G1HeapRegionSize                         = 1048576                                   {product} {ergonomic}
    uintx GCDrainStackTargetSize                   = 64                                        {product} {ergonomic}
   size_t InitialHeapSize                          = 268435456                                 {product} {ergonomic}
   size_t MarkStackSize                            = 4194304                                   {product} {ergonomic}
   size_t MaxHeapSize                              = 4282384384                                {product} {ergonomic}
   size_t MaxNewSize                               = 2569011200                                {product} {ergonomic}
   size_t MinHeapDeltaBytes                        = 1048576                                   {product} {ergonomic}
    uintx NonNMethodCodeHeapSize                   = 5836300                                {pd product} {ergonomic}
    uintx NonProfiledCodeHeapSize                  = 122910970                              {pd product} {ergonomic}
    uintx ProfiledCodeHeapSize                     = 122910970                              {pd product} {ergonomic}
    uintx ReservedCodeCacheSize                    = 251658240                              {pd product} {ergonomic}
     bool SegmentedCodeCache                       = true                                      {product} {ergonomic}
     bool UseCompressedClassPointers               = true                                 {lp64_product} {ergonomic}
     bool UseCompressedOops                        = true                                 {lp64_product} {ergonomic}
     bool UseG1GC                                  = true                                      {product} {ergonomic}
     bool UseLargePagesIndividualAllocation        = false                                  {pd product} {ergonomic}

Logging:
Log output configuration:
 #0: stdout all=warning uptime,level,tags
 #1: stderr all=off uptime,level,tags

Environment Variables:
JAVA_HOME=C:\Program Files\Java\jdk-11.0.8
PATH=C:/Program Files/AdoptOpenJDK/jdk-11.0.10.9-hotspot/bin/client;C:/Program Files/AdoptOpenJDK/jdk-11.0.10.9-hotspot/bin;C:\Program Files\AdoptOpenJDK\jdk-11.0.10.9-hotspot\bin;C:\Program Files (x86)\Common Files\Intel\Shared Libraries\redist\intel64\compiler;C:\Program Files (x86)\Intel\iCLS Client\;C:\Program Files\Intel\iCLS Client\;C:\windows\system32;C:\windows;C:\windows\System32\Wbem;C:\windows\System32\WindowsPowerShell\v1.0\;C:\Program Files (x86)\Intel\Intel(R) Management Engine Components\DAL;C:\Program Files\Intel\Intel(R) Management Engine Components\DAL;C:\Program Files (x86)\Intel\Intel(R) Management Engine Components\IPT;C:\Program Files\Intel\Intel(R) Management Engine Components\IPT;C:\Program Files (x86)\NVIDIA Corporation\PhysX\Common;C:\WINDOWS\system32;C:\WINDOWS;C:\WINDOWS\System32\Wbem;C:\WINDOWS\System32\WindowsPowerShell\v1.0\;C:\WINDOWS\System32\OpenSSH\;C:\Program Files\nodejs\;C:\Program Files\Java\jdk-11.0.8\bin;C:\Program Files\Git\cmd;C:\Users\juanm\AppData\Local\Microsoft\WindowsApps;C:\Users\juanm\AppData\Local\GitHubDesktop\bin;C:\Users\juanm\AppData\Local\Programs\Microsoft VS Code\bin;C:\Users\juanm\AppData\Roaming\npm;C:\Users\juanm\AppData\Local\Microsoft\WindowsApps;;C:\Users\juanm\Downloads\wollok-win32.win32.x86_64;
USERNAME=juanm
OS=Windows_NT
PROCESSOR_IDENTIFIER=Intel64 Family 6 Model 158 Stepping 9, GenuineIntel



---------------  S Y S T E M  ---------------

OS: Windows 10 , 64 bit Build 19041 (10.0.19041.1023)
OS uptime: 0 days 1:29 hours

CPU:total 8 (initial active 8) (4 cores per cpu, 2 threads per core) family 6 model 158 stepping 9 microcode 0xb4, cmov, cx8, fxsr, mmx, sse, sse2, sse3, ssse3, sse4.1, sse4.2, popcnt, avx, avx2, aes, clmul, erms, 3dnowpref, lzcnt, ht, tsc, tscinvbit, bmi1, bmi2, adx, fma

Memory: 4k page, system-wide physical 16334M (10369M free)
TotalPageFile size 18766M (AvailPageFile size 8534M)
current process WorkingSet (physical memory assigned to process): 225M, peak: 227M
current process commit charge ("private bytes"): 444M, peak: 455M

vm_info: OpenJDK 64-Bit Server VM (11.0.10+9) for windows-amd64 JRE (11.0.10+9), built on Jan 20 2021 06:07:07 by "" with MS VC++ 15.9 (VS2017)

END.
